2021-11-07 19:50:33:440  [TID      11312][INFO    ] Default Logger initialized [dmvcframework]
2021-11-07 19:50:33:440  [TID      11312][INFO    ] ENTER: Config default values [dmvcframework]
2021-11-07 19:50:33:440  [TID      11312][INFO    ] EXIT: Config default values [dmvcframework]
2021-11-07 19:50:33:440  [TID      11312][INFO    ] ENTER: LoadSystemControllers [dmvcframework]
2021-11-07 19:50:33:440  [TID      11312][INFO    ] EXIT: LoadSystemControllers [dmvcframework]
2021-11-07 19:50:33:441  [TID      11312][INFO    ] GET:/ -> NO ACTION  - 200 OK [dmvcframework]
2021-11-07 19:50:33:441  [TID      11312][ERROR   ] [EMVCException] Not Found (Custom message: "") [dmvcframework]
2021-11-07 19:55:07:909  [TID       3828][INFO    ] Default Logger initialized [dmvcframework]
2021-11-07 19:55:07:909  [TID       3828][INFO    ] ENTER: Config default values [dmvcframework]
2021-11-07 19:55:07:954  [TID       3828][INFO    ] EXIT: Config default values [dmvcframework]
2021-11-07 19:55:07:954  [TID       3828][INFO    ] ENTER: LoadSystemControllers [dmvcframework]
2021-11-07 19:55:07:956  [TID       3828][INFO    ] EXIT: LoadSystemControllers [dmvcframework]
2021-11-07 19:55:08:007  [TID       3828][INFO    ] GET:/ -> NO ACTION  - 200 OK [dmvcframework]
2021-11-07 19:55:12:859  [TID       3828][ERROR   ] [EMVCException] Not Found (Custom message: "") [dmvcframework]
2021-11-07 19:56:57:131  [TID       1564][INFO    ] Default Logger initialized [dmvcframework]
2021-11-07 19:56:57:131  [TID       1564][INFO    ] ENTER: Config default values [dmvcframework]
2021-11-07 19:56:57:131  [TID       1564][INFO    ] EXIT: Config default values [dmvcframework]
2021-11-07 19:56:57:132  [TID       1564][INFO    ] ENTER: LoadSystemControllers [dmvcframework]
2021-11-07 19:56:57:132  [TID       1564][INFO    ] EXIT: LoadSystemControllers [dmvcframework]
2021-11-07 19:56:57:134  [TID       1564][INFO    ] GET:/ -> NO ACTION  - 200 OK [dmvcframework]
2021-11-07 19:56:57:134  [TID       1564][ERROR   ] [EMVCException] Not Found (Custom message: "") [dmvcframework]
2021-11-07 19:59:29:668  [TID       2056][INFO    ] Default Logger initialized [dmvcframework]
2021-11-07 19:59:29:668  [TID       2056][INFO    ] ENTER: Config default values [dmvcframework]
2021-11-07 19:59:29:708  [TID       2056][INFO    ] EXIT: Config default values [dmvcframework]
2021-11-07 19:59:29:708  [TID       2056][INFO    ] ENTER: LoadSystemControllers [dmvcframework]
2021-11-07 19:59:29:709  [TID       2056][INFO    ] EXIT: LoadSystemControllers [dmvcframework]
2021-11-07 19:59:42:252  [TID       2056][INFO    ] GET:/ -> NO ACTION  - 200 OK [dmvcframework]
2021-11-07 19:59:59:017  [TID       2056][ERROR   ] [EMVCException] Not Found (Custom message: "") [dmvcframework]
2021-11-07 20:01:46:778  [TID       9888][INFO    ] Default Logger initialized [dmvcframework]
2021-11-07 20:01:46:778  [TID       9888][INFO    ] ENTER: Config default values [dmvcframework]
2021-11-07 20:01:46:778  [TID       9888][INFO    ] EXIT: Config default values [dmvcframework]
2021-11-07 20:01:46:778  [TID       9888][INFO    ] ENTER: LoadSystemControllers [dmvcframework]
2021-11-07 20:01:46:778  [TID       9888][INFO    ] EXIT: LoadSystemControllers [dmvcframework]
2021-11-07 20:01:46:778  [TID       9888][INFO    ] GET:/1 -> NO ACTION  - 200 OK [dmvcframework]
2021-11-07 20:01:46:778  [TID       9888][ERROR   ] [EMVCException] Not Found (Custom message: "") [dmvcframework]
2021-11-07 20:01:58:722  [TID      18172][INFO    ] GET:/ -> NO ACTION  - 200 OK [dmvcframework]
2021-11-07 20:01:58:722  [TID      18172][ERROR   ] [EMVCException] Not Found (Custom message: "") [dmvcframework]
2021-11-07 20:02:37:776  [TID       2760][INFO    ] Default Logger initialized [dmvcframework]
2021-11-07 20:02:37:777  [TID       2760][INFO    ] ENTER: Config default values [dmvcframework]
2021-11-07 20:02:37:777  [TID       2760][INFO    ] EXIT: Config default values [dmvcframework]
2021-11-07 20:02:37:777  [TID       2760][INFO    ] ENTER: LoadSystemControllers [dmvcframework]
2021-11-07 20:02:37:777  [TID       2760][INFO    ] EXIT: LoadSystemControllers [dmvcframework]
2021-11-07 20:02:37:779  [TID       2760][INFO    ] GET:/cfop -> NO ACTION  - 200 OK [dmvcframework]
2021-11-07 20:02:37:779  [TID       2760][ERROR   ] [EMVCException] Not Found (Custom message: "") [dmvcframework]
2021-11-07 20:03:31:011  [TID      10540][INFO    ] SELECT * FROM CFOP ORDER BY ID [dmvcframework]
2021-11-07 20:03:31:012  [TID      10540][INFO    ] GET:/cfop/ -> CfopController.TCfopController - 200 OK [dmvcframework]
2021-11-07 21:42:47:496  [TID      16916][INFO    ] Default Logger initialized [dmvcframework]
2021-11-07 21:42:47:496  [TID      16916][INFO    ] ENTER: Config default values [dmvcframework]
2021-11-07 21:42:47:496  [TID      16916][INFO    ] EXIT: Config default values [dmvcframework]
2021-11-07 21:42:47:496  [TID      16916][INFO    ] ENTER: LoadSystemControllers [dmvcframework]
2021-11-07 21:42:47:496  [TID      16916][INFO    ] EXIT: LoadSystemControllers [dmvcframework]
2021-11-07 21:42:47:533  [TID      16916][INFO    ] INSERT INTO CFOP(CODIGO,DESCRICAO,APLICACAO) VALUES (5405,'teste de cfop substituição','teste de cfop ') [dmvcframework]
2021-11-07 21:42:47:750  [TID      16916][INFO    ] SELECT * FROM CFOP WHERE ID = 2 [dmvcframework]
2021-11-07 21:42:47:750  [TID      16916][INFO    ] POST:/cfop -> CfopController.TCfopController - 200 OK [dmvcframework]
2021-11-07 21:44:19:870  [TID      13668][INFO    ] Default Logger initialized [dmvcframework]
2021-11-07 21:44:19:870  [TID      13668][INFO    ] ENTER: Config default values [dmvcframework]
2021-11-07 21:44:19:871  [TID      13668][INFO    ] EXIT: Config default values [dmvcframework]
2021-11-07 21:44:19:871  [TID      13668][INFO    ] ENTER: LoadSystemControllers [dmvcframework]
2021-11-07 21:44:19:871  [TID      13668][INFO    ] EXIT: LoadSystemControllers [dmvcframework]
2021-11-07 21:44:19:902  [TID      13668][INFO    ] INSERT INTO CFOP(CODIGO,DESCRICAO,APLICACAO) VALUES (6102,'teste de cfop outro estado','teste de cfop ') [dmvcframework]
2021-11-07 21:44:19:979  [TID      13668][INFO    ] SELECT * FROM CFOP WHERE ID = 3 [dmvcframework]
2021-11-07 21:44:19:979  [TID      13668][INFO    ] POST:/cfop -> CfopController.TCfopController - 200 OK [dmvcframework]
2021-11-07 21:44:24:935  [TID      13600][INFO    ] SELECT * FROM CFOP ORDER BY ID [dmvcframework]
2021-11-07 21:44:24:936  [TID      13600][INFO    ] GET:/cfop/ -> CfopController.TCfopController - 200 OK [dmvcframework]
2021-11-07 21:44:54:570  [TID      17456][INFO    ] Default Logger initialized [dmvcframework]
2021-11-07 21:44:54:570  [TID      17456][INFO    ] ENTER: Config default values [dmvcframework]
2021-11-07 21:44:54:570  [TID      17456][INFO    ] EXIT: Config default values [dmvcframework]
2021-11-07 21:44:54:570  [TID      17456][INFO    ] ENTER: LoadSystemControllers [dmvcframework]
2021-11-07 21:44:54:570  [TID      17456][INFO    ] EXIT: LoadSystemControllers [dmvcframework]
2021-11-07 21:44:54:608  [TID      17456][INFO    ] SELECT * FROM CFOP WHERE ID = 2 [dmvcframework]
2021-11-07 21:44:54:609  [TID      17456][ERROR   ] [EInvalidPointer] Invalid pointer operation (Custom message: "Global Action Exception Handler") [dmvcframework]
2021-11-07 21:45:02:494  [TID      10412][INFO    ] GET:/cfop/2/ -> NO ACTION  - 200 OK [dmvcframework]
2021-11-07 21:45:02:494  [TID      10412][ERROR   ] [EMVCException] Not Found (Custom message: "") [dmvcframework]
2021-11-07 21:45:34:818  [TID       3212][ERROR   ] [EConvertError] '(2)' is not a valid integer value (Custom message: "Global Action Exception Handler") [dmvcframework]
2021-11-07 21:45:44:629  [TID      18092][INFO    ] SELECT * FROM CFOP WHERE ID = 2 [dmvcframework]
2021-11-07 21:45:44:631  [TID      18092][ERROR   ] [EInvalidPointer] Invalid pointer operation (Custom message: "Global Action Exception Handler") [dmvcframework]
2021-11-07 21:49:17:907  [TID      13500][INFO    ] SELECT * FROM CFOP WHERE ID = 2 [dmvcframework]
2021-11-07 21:49:17:907  [TID      13500][ERROR   ] [EInvalidPointer] Invalid pointer operation (Custom message: "Global Action Exception Handler") [dmvcframework]
2021-11-07 21:50:29:113  [TID      12912][INFO    ] SELECT * FROM CFOP WHERE ID = 2 [dmvcframework]
2021-11-07 21:50:29:113  [TID      12912][ERROR   ] [EInvalidPointer] Invalid pointer operation (Custom message: "Global Action Exception Handler") [dmvcframework]
2021-11-07 21:50:31:381  [TID       7944][INFO    ] SELECT * FROM CFOP WHERE ID = 2 [dmvcframework]
2021-11-07 21:50:31:381  [TID       7944][ERROR   ] [EInvalidPointer] Invalid pointer operation (Custom message: "Global Action Exception Handler") [dmvcframework]
2021-11-07 21:51:49:815  [TID      16240][ERROR   ] [EConvertError] 'filtro=2' is not a valid integer value (Custom message: "Global Action Exception Handler") [dmvcframework]
2021-11-07 21:51:58:773  [TID       8144][INFO    ] SELECT * FROM CFOP WHERE ID = 2 [dmvcframework]
2021-11-07 21:51:58:774  [TID       8144][ERROR   ] [EInvalidPointer] Invalid pointer operation (Custom message: "Global Action Exception Handler") [dmvcframework]
2021-11-07 21:54:18:367  [TID      16752][INFO    ] Default Logger initialized [dmvcframework]
2021-11-07 21:54:18:367  [TID      16752][INFO    ] ENTER: Config default values [dmvcframework]
2021-11-07 21:54:18:367  [TID      16752][INFO    ] EXIT: Config default values [dmvcframework]
2021-11-07 21:54:18:367  [TID      16752][INFO    ] ENTER: LoadSystemControllers [dmvcframework]
2021-11-07 21:54:18:367  [TID      16752][INFO    ] EXIT: LoadSystemControllers [dmvcframework]
2021-11-07 21:54:18:406  [TID      16752][INFO    ] SELECT * FROM CFOP ORDER BY ID [dmvcframework]
2021-11-07 21:54:18:407  [TID      16752][INFO    ] GET:/cfop/ -> CfopController.TCfopController - 200 OK [dmvcframework]
2021-11-07 21:54:32:748  [TID       6464][INFO    ] SELECT * FROM CFOP WHERE ID = 2 [dmvcframework]
2021-11-07 21:54:32:748  [TID       6464][ERROR   ] [EInvalidPointer] Invalid pointer operation (Custom message: "Global Action Exception Handler") [dmvcframework]
2021-11-07 21:57:27:798  [TID      18164][INFO    ] Default Logger initialized [dmvcframework]
2021-11-07 21:57:27:798  [TID      18164][INFO    ] ENTER: Config default values [dmvcframework]
2021-11-07 21:57:27:798  [TID      18164][INFO    ] EXIT: Config default values [dmvcframework]
2021-11-07 21:57:27:799  [TID      18164][INFO    ] ENTER: LoadSystemControllers [dmvcframework]
2021-11-07 21:57:27:799  [TID      18164][INFO    ] EXIT: LoadSystemControllers [dmvcframework]
2021-11-07 21:57:27:837  [TID      18164][INFO    ] SELECT * FROM CFOP ORDER BY ID [dmvcframework]
2021-11-07 21:57:27:838  [TID      18164][INFO    ] GET:/cfop -> CfopController.TCfopController - 200 OK [dmvcframework]
2021-11-07 21:57:33:024  [TID       7396][INFO    ] SELECT * FROM CFOP WHERE ID = 0 [dmvcframework]
2021-11-07 21:57:33:024  [TID       7396][ERROR   ] [EMVCException] Registro não localizado [Consultar Objeto CFOP] (Custom message: "") [dmvcframework]
2021-11-07 22:00:05:938  [TID      10332][INFO    ] Default Logger initialized [dmvcframework]
2021-11-07 22:00:05:939  [TID      10332][INFO    ] ENTER: Config default values [dmvcframework]
2021-11-07 22:00:05:939  [TID      10332][INFO    ] EXIT: Config default values [dmvcframework]
2021-11-07 22:00:05:940  [TID      10332][INFO    ] ENTER: LoadSystemControllers [dmvcframework]
2021-11-07 22:00:05:940  [TID      10332][INFO    ] EXIT: LoadSystemControllers [dmvcframework]
2021-11-07 22:00:05:978  [TID      10332][INFO    ] SELECT * FROM CFOP WHERE ID = 2 [dmvcframework]
2021-11-07 22:00:05:979  [TID      10332][ERROR   ] [EInvalidPointer] Invalid pointer operation (Custom message: "Global Action Exception Handler") [dmvcframework]
2021-11-07 22:00:14:297  [TID      13000][INFO    ] SELECT * FROM CFOP WHERE ID = 2 [dmvcframework]
2021-11-07 22:00:14:297  [TID      13000][ERROR   ] [EInvalidPointer] Invalid pointer operation (Custom message: "Global Action Exception Handler") [dmvcframework]
2021-11-07 22:02:07:133  [TID      13132][INFO    ] Default Logger initialized [dmvcframework]
2021-11-07 22:02:07:133  [TID      13132][INFO    ] ENTER: Config default values [dmvcframework]
2021-11-07 22:02:07:133  [TID      13132][INFO    ] EXIT: Config default values [dmvcframework]
2021-11-07 22:02:07:133  [TID      13132][INFO    ] ENTER: LoadSystemControllers [dmvcframework]
2021-11-07 22:02:07:133  [TID      13132][INFO    ] EXIT: LoadSystemControllers [dmvcframework]
2021-11-07 22:02:07:189  [TID      13132][INFO    ] SELECT * FROM CFOP WHERE ID = 2 [dmvcframework]
2021-11-07 22:02:07:191  [TID      13132][ERROR   ] [EInvalidPointer] Invalid pointer operation (Custom message: "Global Action Exception Handler") [dmvcframework]
2021-11-07 22:05:25:790  [TID      13648][INFO    ] Default Logger initialized [dmvcframework]
2021-11-07 22:05:25:790  [TID      13648][INFO    ] ENTER: Config default values [dmvcframework]
2021-11-07 22:05:25:790  [TID      13648][INFO    ] EXIT: Config default values [dmvcframework]
2021-11-07 22:05:25:790  [TID      13648][INFO    ] ENTER: LoadSystemControllers [dmvcframework]
2021-11-07 22:05:25:790  [TID      13648][INFO    ] EXIT: LoadSystemControllers [dmvcframework]
2021-11-07 22:05:33:145  [TID      13648][INFO    ] SELECT * FROM CFOP WHERE ID = 2 [dmvcframework]
2021-11-07 22:05:44:174  [TID      13648][ERROR   ] [EInvalidPointer] Invalid pointer operation (Custom message: "Global Action Exception Handler") [dmvcframework]
2021-11-07 22:07:45:200  [TID      12564][INFO    ] Default Logger initialized [dmvcframework]
2021-11-07 22:07:45:200  [TID      12564][INFO    ] ENTER: Config default values [dmvcframework]
2021-11-07 22:07:45:200  [TID      12564][INFO    ] EXIT: Config default values [dmvcframework]
2021-11-07 22:07:45:200  [TID      12564][INFO    ] ENTER: LoadSystemControllers [dmvcframework]
2021-11-07 22:07:45:200  [TID      12564][INFO    ] EXIT: LoadSystemControllers [dmvcframework]
2021-11-07 22:07:50:224  [TID      12564][INFO    ] SELECT * FROM CFOP WHERE ID = 2 [dmvcframework]
2021-11-07 22:07:59:739  [TID      12564][INFO    ] GET:/cfop/2 -> CfopController.TCfopController - 200 OK [dmvcframework]
2021-11-07 22:32:49:680  [TID      15088][INFO    ] Default Logger initialized [dmvcframework]
2021-11-07 22:32:49:680  [TID      15088][INFO    ] ENTER: Config default values [dmvcframework]
2021-11-07 22:32:49:680  [TID      15088][INFO    ] EXIT: Config default values [dmvcframework]
2021-11-07 22:32:49:680  [TID      15088][INFO    ] ENTER: LoadSystemControllers [dmvcframework]
2021-11-07 22:32:49:680  [TID      15088][INFO    ] EXIT: LoadSystemControllers [dmvcframework]
2021-11-07 22:32:49:692  [TID      15088][ERROR   ] [EMVCException] Objeto inválido [Alterar CFOP] - ID do objeto difere do ID da URL. (Custom message: "") [dmvcframework]
2021-11-07 22:34:51:138  [TID      13956][INFO    ] Default Logger initialized [dmvcframework]
2021-11-07 22:34:51:138  [TID      13956][INFO    ] ENTER: Config default values [dmvcframework]
2021-11-07 22:34:51:138  [TID      13956][INFO    ] EXIT: Config default values [dmvcframework]
2021-11-07 22:34:51:138  [TID      13956][INFO    ] ENTER: LoadSystemControllers [dmvcframework]
2021-11-07 22:34:51:138  [TID      13956][INFO    ] EXIT: LoadSystemControllers [dmvcframework]
2021-11-07 22:35:48:719  [TID      13956][ERROR   ] [EMVCException] Objeto inválido [Alterar CFOP] - ID do objeto difere do ID da URL. (Custom message: "") [dmvcframework]
2021-11-07 22:38:00:954  [TID        940][INFO    ] Default Logger initialized [dmvcframework]
2021-11-07 22:38:00:954  [TID        940][INFO    ] ENTER: Config default values [dmvcframework]
2021-11-07 22:38:00:954  [TID        940][INFO    ] EXIT: Config default values [dmvcframework]
2021-11-07 22:38:00:955  [TID        940][INFO    ] ENTER: LoadSystemControllers [dmvcframework]
2021-11-07 22:38:00:955  [TID        940][INFO    ] EXIT: LoadSystemControllers [dmvcframework]
2021-11-07 22:38:00:958  [TID        940][ERROR   ] [EInvocationError] Parameter count mismatch (Custom message: "Global Action Exception Handler") [dmvcframework]
2021-11-07 22:43:13:887  [TID       9400][INFO    ] Default Logger initialized [dmvcframework]
2021-11-07 22:43:13:887  [TID       9400][INFO    ] ENTER: Config default values [dmvcframework]
2021-11-07 22:43:13:887  [TID       9400][INFO    ] EXIT: Config default values [dmvcframework]
2021-11-07 22:43:13:888  [TID       9400][INFO    ] ENTER: LoadSystemControllers [dmvcframework]
2021-11-07 22:43:13:888  [TID       9400][INFO    ] EXIT: LoadSystemControllers [dmvcframework]
2021-11-07 22:43:13:957  [TID       9400][INFO    ] SELECT * FROM CFOP WHERE ID = 2 [dmvcframework]
2021-11-07 22:43:13:957  [TID       9400][INFO    ] UPDATE CFOP SET CODIGO = 5403,DESCRICAO = 'teste de cfop substituição',APLICACAO = 'teste de cfop ' WHERE ID = '2' [dmvcframework]
2021-11-07 22:43:14:162  [TID       9400][INFO    ] SELECT * FROM CFOP WHERE ID = 2 [dmvcframework]
2021-11-07 22:43:14:162  [TID       9400][INFO    ] PUT:/cfop -> CfopController.TCfopController - 200 OK [dmvcframework]
2021-11-07 22:43:37:414  [TID       8664][INFO    ] SELECT * FROM CFOP WHERE ID = 0 [dmvcframework]
2021-11-07 22:43:37:414  [TID       8664][ERROR   ] [EMVCException] Objeto com ID inválido [Excluir CFOP] (Custom message: "") [dmvcframework]
2021-11-07 22:45:05:752  [TID      11100][INFO    ] Default Logger initialized [dmvcframework]
2021-11-07 22:45:05:752  [TID      11100][INFO    ] ENTER: Config default values [dmvcframework]
2021-11-07 22:45:05:752  [TID      11100][INFO    ] EXIT: Config default values [dmvcframework]
2021-11-07 22:45:05:752  [TID      11100][INFO    ] ENTER: LoadSystemControllers [dmvcframework]
2021-11-07 22:45:05:791  [TID      11100][INFO    ] EXIT: LoadSystemControllers [dmvcframework]
2021-11-07 22:45:53:804  [TID       6452][INFO    ] Default Logger initialized [dmvcframework]
2021-11-07 22:45:53:804  [TID       6452][INFO    ] ENTER: Config default values [dmvcframework]
2021-11-07 22:45:53:804  [TID       6452][INFO    ] EXIT: Config default values [dmvcframework]
2021-11-07 22:45:53:807  [TID       6452][INFO    ] ENTER: LoadSystemControllers [dmvcframework]
2021-11-07 22:45:53:808  [TID       6452][INFO    ] EXIT: LoadSystemControllers [dmvcframework]
2021-11-07 22:45:53:864  [TID       6452][INFO    ] SELECT * FROM CFOP WHERE ID = 0 [dmvcframework]
2021-11-07 22:45:53:865  [TID       6452][ERROR   ] [EMVCException] Objeto com ID inválido [Excluir CFOP] (Custom message: "") [dmvcframework]
2021-11-07 22:46:50:709  [TID       2504][INFO    ] Default Logger initialized [dmvcframework]
2021-11-07 22:46:50:709  [TID       2504][INFO    ] ENTER: Config default values [dmvcframework]
2021-11-07 22:46:50:709  [TID       2504][INFO    ] EXIT: Config default values [dmvcframework]
2021-11-07 22:46:50:709  [TID       2504][INFO    ] ENTER: LoadSystemControllers [dmvcframework]
2021-11-07 22:46:50:709  [TID       2504][INFO    ] EXIT: LoadSystemControllers [dmvcframework]
2021-11-07 22:46:50:756  [TID       2504][INFO    ] SELECT * FROM CFOP WHERE ID = 0 [dmvcframework]
2021-11-07 22:46:50:756  [TID       2504][ERROR   ] [EMVCException] Objeto com ID inválido [Excluir CFOP] (Custom message: "") [dmvcframework]
2021-11-07 22:47:29:860  [TID      17360][INFO    ] Default Logger initialized [dmvcframework]
2021-11-07 22:47:29:901  [TID      17360][INFO    ] ENTER: Config default values [dmvcframework]
2021-11-07 22:47:29:901  [TID      17360][INFO    ] EXIT: Config default values [dmvcframework]
2021-11-07 22:47:29:902  [TID      17360][INFO    ] ENTER: LoadSystemControllers [dmvcframework]
2021-11-07 22:47:29:946  [TID      17360][INFO    ] EXIT: LoadSystemControllers [dmvcframework]
2021-11-07 22:48:25:385  [TID      13000][INFO    ] Default Logger initialized [dmvcframework]
2021-11-07 22:48:25:385  [TID      13000][INFO    ] ENTER: Config default values [dmvcframework]
2021-11-07 22:48:25:427  [TID      13000][INFO    ] EXIT: Config default values [dmvcframework]
2021-11-07 22:48:25:427  [TID      13000][INFO    ] ENTER: LoadSystemControllers [dmvcframework]
2021-11-07 22:48:25:428  [TID      13000][INFO    ] EXIT: LoadSystemControllers [dmvcframework]
2021-11-07 22:48:30:640  [TID      13000][INFO    ] SELECT * FROM CFOP WHERE ID = 2 [dmvcframework]
2021-11-07 22:48:32:939  [TID      13000][INFO    ] DELETE FROM CFOP WHERE ID = 2 [dmvcframework]
2021-11-07 22:48:37:056  [TID      13000][INFO    ] DELETE:/cfop/2 -> CfopController.TCfopController - 200 Obejeto excluído com sucesso. [dmvcframework]
2021-11-07 22:48:44:971  [TID      15196][INFO    ] GET:/cfop -> NO ACTION  - 200 OK [dmvcframework]
2021-11-07 22:48:55:571  [TID      15196][ERROR   ] [EMVCException] Not Found (Custom message: "") [dmvcframework]
2021-11-07 22:49:15:762  [TID       3120][INFO    ] Default Logger initialized [dmvcframework]
2021-11-07 22:49:15:762  [TID       3120][INFO    ] ENTER: Config default values [dmvcframework]
2021-11-07 22:49:15:762  [TID       3120][INFO    ] EXIT: Config default values [dmvcframework]
2021-11-07 22:49:15:762  [TID       3120][INFO    ] ENTER: LoadSystemControllers [dmvcframework]
2021-11-07 22:49:15:762  [TID       3120][INFO    ] EXIT: LoadSystemControllers [dmvcframework]
2021-11-07 22:49:15:799  [TID       3120][INFO    ] SELECT * FROM CFOP ORDER BY ID [dmvcframework]
2021-11-07 22:49:15:800  [TID       3120][INFO    ] GET:/cfop/ -> CfopController.TCfopController - 200 OK [dmvcframework]
2021-11-07 22:50:09:333  [TID      11008][INFO    ] SELECT * FROM CFOP WHERE ID = 2 [dmvcframework]
2021-11-07 22:50:09:334  [TID      11008][ERROR   ] [EMVCException] Registro não localizado [Consultar Objeto CFOP] (Custom message: "") [dmvcframework]
2021-11-07 22:50:21:005  [TID       7928][INFO    ] SELECT * FROM CFOP WHERE ID = 1 [dmvcframework]
2021-11-07 22:50:21:006  [TID       7928][INFO    ] GET:/cfop/1 -> CfopController.TCfopController - 200 OK [dmvcframework]
2021-11-09 10:37:03:989  [TID       5268][INFO    ] Default Logger initialized [dmvcframework]
2021-11-09 10:37:03:989  [TID       5268][INFO    ] ENTER: Config default values [dmvcframework]
2021-11-09 10:37:03:989  [TID       5268][INFO    ] EXIT: Config default values [dmvcframework]
2021-11-09 10:37:03:990  [TID       5268][INFO    ] ENTER: LoadSystemControllers [dmvcframework]
2021-11-09 10:37:03:990  [TID       5268][INFO    ] EXIT: LoadSystemControllers [dmvcframework]
2021-11-09 10:37:04:283  [TID       5268][INFO    ] == TEmpresaService.Atualizar [BEGIN] [dmvcframework]
2021-11-09 10:37:04:283  [TID       5268][INFO    ] == TEmpresaService.ConsultarObjetoFiltro [BEGIN] [dmvcframework]
2021-11-09 10:37:06:694  [TID       5268][INFO    ] SELECT * FROM EMPRESA where CNPJ = "19810377000134" [dmvcframework]
2021-11-09 10:37:06:695  [TID       5268][INFO    ] == TEmpresaService.ConsultarObjetoFiltro [END] [dmvcframework]
2021-11-09 10:37:06:695  [TID       5268][INFO    ] INSERT INTO EMPRESA(RAZAO_SOCIAL,NOME_FANTASIA,CNPJ,DATA_CONSTITUICAO,TIPO,EMAIL,LOGRADOURO,NUMERO,COMPLEMENTO,CEP,BAIRRO,CIDADE,UF,CODIGO_IBGE_UF,REGISTRADO,NATUREZA_JURIDICA,SIMEI,DATA_REGISTRO) VALUES ('CLAILSON JUNIOR FONTENELE CAVALCANTE 80291589391','1clique','19810377000134','2021-11-09','M','cjfontenele@gmail.com','R BETEL','2355','APT 08 BL A2','60714230','ITAPERI','FORTALEZA','CE',23,'N','213-5 - Empresário (Individual)','N',null) [dmvcframework]
2021-11-09 10:37:06:966  [TID       5268][INFO    ] == TEmpresaService.Atualizar [END] [dmvcframework]
2021-11-09 10:37:06:966  [TID       5268][INFO    ] == TEmpresaService.ConsultarObjetoFiltro [BEGIN] [dmvcframework]
2021-11-09 10:37:06:973  [TID       5268][INFO    ] SELECT * FROM EMPRESA where CNPJ = "19810377000134" [dmvcframework]
2021-11-09 10:37:06:974  [TID       5268][INFO    ] == TEmpresaService.ConsultarObjetoFiltro [END] [dmvcframework]
2021-11-09 10:37:06:975  [TID       5268][INFO    ] POST:/empresa -> EmpresaController.TEmpresaController - 200 OK [dmvcframework]
2021-11-09 10:39:26:987  [TID       7976][INFO    ] == TEmpresaService.Registrar [BEGIN] [dmvcframework]
2021-11-09 10:39:26:988  [TID       7976][INFO    ] == TEmpresaService.ConsultarObjetoFiltro [BEGIN] [dmvcframework]
2021-11-09 10:39:26:991  [TID       7976][INFO    ] SELECT * FROM EMPRESA where CNPJ = "19810377000134" [dmvcframework]
2021-11-09 10:39:26:991  [TID       7976][INFO    ] == TEmpresaService.ConsultarObjetoFiltro [END] [dmvcframework]
2021-11-09 10:39:26:991  [TID       7976][INFO    ] UPDATE EMPRESA SET RAZAO_SOCIAL = 'CLAILSON JUNIOR FONTENELE CAVALCANTE 80291589391',NOME_FANTASIA = '1clique',CNPJ = '19810377000134',INSCRICAO_ESTADUAL = null,INSCRICAO_MUNICIPAL = null,TIPO_REGIME = null,CRT = null,DATA_CONSTITUICAO = '2021-11-09',TIPO = 'M',EMAIL = 'cjfontenele@gmail.com',EMAIL_PAGAMENTO = null,LOGRADOURO = 'R BETEL',NUMERO = '2355',COMPLEMENTO = 'APT 08 BL A2',CEP = '60714230',BAIRRO = 'ITAPERI',CIDADE = 'FORTALEZA',UF = 'CE',FONE = null,CONTATO = null,CODIGO_IBGE_CIDADE = null,CODIGO_IBGE_UF = 23,LOGOTIPO = null,REGISTRADO = 'P',NATUREZA_JURIDICA = '213-5 - Empresário (Individual)',SIMEI = 'S',DATA_REGISTRO = null,HORA_REGISTRO = null WHERE ID = '1' [dmvcframework]
2021-11-09 10:39:27:190  [TID       7976][INFO    ] == TEmpresaService.EnviarEmailConfirmacao [BEGIN] [dmvcframework]
2021-11-09 10:39:31:694  [TID       7976][INFO    ] == TEmpresaService.EnviarEmailConfirmacao [END] [dmvcframework]
2021-11-09 10:39:31:694  [TID       7976][INFO    ] == TEmpresaService.Registrar [END] [dmvcframework]
2021-11-09 10:39:31:694  [TID       7976][INFO    ] == TEmpresaService.ConsultarObjetoFiltro [BEGIN] [dmvcframework]
2021-11-09 10:39:31:697  [TID       7976][INFO    ] SELECT * FROM EMPRESA where CNPJ = "19810377000134" [dmvcframework]
2021-11-09 10:39:31:698  [TID       7976][INFO    ] == TEmpresaService.ConsultarObjetoFiltro [END] [dmvcframework]
2021-11-09 10:39:31:698  [TID       7976][INFO    ] POST:/empresa/19810377000134 -> EmpresaController.TEmpresaController - 200 OK [dmvcframework]
2021-11-09 10:40:20:147  [TID      10256][INFO    ] == TEmpresaService.EnviarEmailConfirmacao [BEGIN] [dmvcframework]
2021-11-09 10:40:23:519  [TID      10256][INFO    ] == TEmpresaService.EnviarEmailConfirmacao [END] [dmvcframework]
2021-11-09 10:40:23:519  [TID      10256][INFO    ] == TEmpresaService.ConsultarObjetoFiltro [BEGIN] [dmvcframework]
2021-11-09 10:40:23:525  [TID      10256][INFO    ] SELECT * FROM EMPRESA where CNPJ = "19810377000134" [dmvcframework]
2021-11-09 10:40:23:526  [TID      10256][INFO    ] == TEmpresaService.ConsultarObjetoFiltro [END] [dmvcframework]
2021-11-09 10:40:23:528  [TID      10256][INFO    ] POST:/empresa/19810377000134 -> EmpresaController.TEmpresaController - 200 OK [dmvcframework]
2021-11-09 10:42:22:394  [TID      12016][INFO    ] == TEmpresaService.EnviarEmailConfirmacao [BEGIN] [dmvcframework]
2021-11-09 10:42:25:528  [TID      12016][INFO    ] == TEmpresaService.EnviarEmailConfirmacao [END] [dmvcframework]
2021-11-09 10:42:25:528  [TID      12016][INFO    ] == TEmpresaService.ConsultarObjetoFiltro [BEGIN] [dmvcframework]
2021-11-09 10:42:25:533  [TID      12016][INFO    ] SELECT * FROM EMPRESA where CNPJ = "19810377000134" [dmvcframework]
2021-11-09 10:42:25:534  [TID      12016][INFO    ] == TEmpresaService.ConsultarObjetoFiltro [END] [dmvcframework]
2021-11-09 10:42:25:534  [TID      12016][INFO    ] POST:/empresa/19810377000134 -> EmpresaController.TEmpresaController - 200 OK [dmvcframework]
2021-11-09 11:44:20:885  [TID       1212][INFO    ] == TEmpresaService.EnviarEmailConfirmacao [BEGIN] [dmvcframework]
2021-11-09 11:44:22:509  [TID       1212][INFO    ] == TEmpresaService.EnviarEmailConfirmacao [END] [dmvcframework]
2021-11-09 11:44:22:509  [TID       1212][INFO    ] == TEmpresaService.ConsultarObjetoFiltro [BEGIN] [dmvcframework]
2021-11-09 11:44:22:512  [TID       1212][INFO    ] SELECT * FROM EMPRESA where CNPJ = "19810377000134" [dmvcframework]
2021-11-09 11:44:22:513  [TID       1212][INFO    ] == TEmpresaService.ConsultarObjetoFiltro [END] [dmvcframework]
2021-11-09 11:44:22:514  [TID       1212][INFO    ] POST:/empresa/19810377000134 -> EmpresaController.TEmpresaController - 200 OK [dmvcframework]
2021-11-09 11:49:39:141  [TID      13124][INFO    ] == TEmpresaService.EnviarEmailConfirmacao [BEGIN] [dmvcframework]
2021-11-09 11:49:41:486  [TID      13124][INFO    ] == TEmpresaService.EnviarEmailConfirmacao [END] [dmvcframework]
2021-11-09 11:49:41:486  [TID      13124][INFO    ] == TEmpresaService.ConsultarObjetoFiltro [BEGIN] [dmvcframework]
2021-11-09 11:49:41:489  [TID      13124][INFO    ] SELECT * FROM EMPRESA where CNPJ = "19810377000134" [dmvcframework]
2021-11-09 11:49:41:490  [TID      13124][INFO    ] == TEmpresaService.ConsultarObjetoFiltro [END] [dmvcframework]
2021-11-09 11:49:41:490  [TID      13124][INFO    ] POST:/empresa/19810377000134 -> EmpresaController.TEmpresaController - 200 OK [dmvcframework]
2021-11-09 12:02:37:660  [TID      12140][INFO    ] == TEmpresaService.EnviarEmailConfirmacao [BEGIN] [dmvcframework]
2021-11-09 12:02:39:319  [TID      12140][INFO    ] == TEmpresaService.EnviarEmailConfirmacao [END] [dmvcframework]
2021-11-09 12:02:39:319  [TID      12140][INFO    ] == TEmpresaService.ConsultarObjetoFiltro [BEGIN] [dmvcframework]
2021-11-09 12:02:39:322  [TID      12140][INFO    ] SELECT * FROM EMPRESA where CNPJ = "19810377000134" [dmvcframework]
2021-11-09 12:02:39:336  [TID      12140][INFO    ] == TEmpresaService.ConsultarObjetoFiltro [END] [dmvcframework]
2021-11-09 12:02:39:337  [TID      12140][INFO    ] POST:/empresa/19810377000134 -> EmpresaController.TEmpresaController - 200 OK [dmvcframework]
2021-11-09 12:11:25:347  [TID      11712][INFO    ] == TEmpresaService.EnviarEmailConfirmacao [BEGIN] [dmvcframework]
2021-11-09 12:11:26:921  [TID      11712][INFO    ] == TEmpresaService.EnviarEmailConfirmacao [END] [dmvcframework]
2021-11-09 12:11:26:921  [TID      11712][INFO    ] == TEmpresaService.ConsultarObjetoFiltro [BEGIN] [dmvcframework]
2021-11-09 12:11:26:925  [TID      11712][INFO    ] SELECT * FROM EMPRESA where CNPJ = "19810377000134" [dmvcframework]
2021-11-09 12:11:26:925  [TID      11712][INFO    ] == TEmpresaService.ConsultarObjetoFiltro [END] [dmvcframework]
2021-11-09 12:11:26:925  [TID      11712][INFO    ] POST:/empresa/19810377000134 -> EmpresaController.TEmpresaController - 200 OK [dmvcframework]
2021-11-09 12:16:48:264  [TID      13168][INFO    ] == TEmpresaService.Atualizar [BEGIN] [dmvcframework]
2021-11-09 12:16:48:264  [TID      13168][INFO    ] == TEmpresaService.ConsultarObjetoFiltro [BEGIN] [dmvcframework]
2021-11-09 12:16:48:278  [TID      13168][INFO    ] SELECT * FROM EMPRESA where CNPJ = "19810377000134" [dmvcframework]
2021-11-09 12:16:48:278  [TID      13168][INFO    ] == TEmpresaService.ConsultarObjetoFiltro [END] [dmvcframework]
2021-11-09 12:16:48:279  [TID      13168][INFO    ] UPDATE EMPRESA SET RAZAO_SOCIAL = 'CLAILSON JUNIOR FONTENELE CAVALCANTE 80291589391',NOME_FANTASIA = '1clique',CNPJ = '19810377000134',INSCRICAO_ESTADUAL = null,INSCRICAO_MUNICIPAL = null,TIPO_REGIME = null,CRT = null,DATA_CONSTITUICAO = '2021-11-09',TIPO = 'M',EMAIL = 'cjfontenele@gmail.com',EMAIL_PAGAMENTO = null,LOGRADOURO = 'R BETEL',NUMERO = '2355',COMPLEMENTO = 'APT 08 BL A2',CEP = '60714230',BAIRRO = 'ITAPERI',CIDADE = 'FORTALEZA',UF = 'CE',FONE = null,CONTATO = null,CODIGO_IBGE_CIDADE = null,CODIGO_IBGE_UF = 23,LOGOTIPO = null,REGISTRADO = 'N',NATUREZA_JURIDICA = '213-5 - Empresário (Individual)',SIMEI = 'N',DATA_REGISTRO = null,HORA_REGISTRO = null WHERE ID = '1' [dmvcframework]
2021-11-09 12:16:48:638  [TID      13168][INFO    ] == TEmpresaService.Atualizar [END] [dmvcframework]
2021-11-09 12:16:48:638  [TID      13168][INFO    ] == TEmpresaService.ConsultarObjetoFiltro [BEGIN] [dmvcframework]
2021-11-09 12:16:48:640  [TID      13168][INFO    ] SELECT * FROM EMPRESA where CNPJ = "19810377000134" [dmvcframework]
2021-11-09 12:16:48:640  [TID      13168][INFO    ] == TEmpresaService.ConsultarObjetoFiltro [END] [dmvcframework]
2021-11-09 12:16:48:641  [TID      13168][INFO    ] POST:/empresa -> EmpresaController.TEmpresaController - 200 OK [dmvcframework]
2021-11-09 12:17:00:809  [TID       8876][INFO    ] == TEmpresaService.Registrar [BEGIN] [dmvcframework]
2021-11-09 12:17:00:809  [TID       8876][INFO    ] == TEmpresaService.ConsultarObjetoFiltro [BEGIN] [dmvcframework]
2021-11-09 12:17:00:814  [TID       8876][INFO    ] SELECT * FROM EMPRESA where CNPJ = "19810377000134" [dmvcframework]
2021-11-09 12:17:00:815  [TID       8876][INFO    ] == TEmpresaService.ConsultarObjetoFiltro [END] [dmvcframework]
2021-11-09 12:17:00:826  [TID       8876][INFO    ] UPDATE EMPRESA SET RAZAO_SOCIAL = 'CLAILSON JUNIOR FONTENELE CAVALCANTE 80291589391',NOME_FANTASIA = '1clique',CNPJ = '19810377000134',INSCRICAO_ESTADUAL = null,INSCRICAO_MUNICIPAL = null,TIPO_REGIME = null,CRT = null,DATA_CONSTITUICAO = '2021-11-09',TIPO = 'M',EMAIL = 'cjfontenele@gmail.com',EMAIL_PAGAMENTO = null,LOGRADOURO = 'R BETEL',NUMERO = '2355',COMPLEMENTO = 'APT 08 BL A2',CEP = '60714230',BAIRRO = 'ITAPERI',CIDADE = 'FORTALEZA',UF = 'CE',FONE = null,CONTATO = null,CODIGO_IBGE_CIDADE = null,CODIGO_IBGE_UF = 23,LOGOTIPO = null,REGISTRADO = 'P',NATUREZA_JURIDICA = '213-5 - Empresário (Individual)',SIMEI = 'S',DATA_REGISTRO = null,HORA_REGISTRO = null WHERE ID = '1' [dmvcframework]
2021-11-09 12:17:01:017  [TID       8876][INFO    ] == TEmpresaService.EnviarEmailConfirmacao [BEGIN] [dmvcframework]
2021-11-09 12:17:03:154  [TID       8876][INFO    ] == TEmpresaService.EnviarEmailConfirmacao [END] [dmvcframework]
2021-11-09 12:17:03:154  [TID       8876][INFO    ] == TEmpresaService.Registrar [END] [dmvcframework]
2021-11-09 12:17:03:154  [TID       8876][INFO    ] == TEmpresaService.ConsultarObjetoFiltro [BEGIN] [dmvcframework]
2021-11-09 12:17:03:157  [TID       8876][INFO    ] SELECT * FROM EMPRESA where CNPJ = "19810377000134" [dmvcframework]
2021-11-09 12:17:03:158  [TID       8876][INFO    ] == TEmpresaService.ConsultarObjetoFiltro [END] [dmvcframework]
2021-11-09 12:17:03:158  [TID       8876][INFO    ] POST:/empresa/19810377000134 -> EmpresaController.TEmpresaController - 200 OK [dmvcframework]
2021-11-09 12:53:28:441  [TID       7240][INFO    ] == TEmpresaService.EnviarEmailConfirmacao [BEGIN] [dmvcframework]
2021-11-09 12:53:30:026  [TID       7240][INFO    ] == TEmpresaService.EnviarEmailConfirmacao [END] [dmvcframework]
2021-11-09 12:53:30:026  [TID       7240][INFO    ] == TEmpresaService.ConsultarObjetoFiltro [BEGIN] [dmvcframework]
2021-11-09 12:53:30:029  [TID       7240][INFO    ] SELECT * FROM EMPRESA where CNPJ = "19810377000134" [dmvcframework]
2021-11-09 12:53:30:029  [TID       7240][INFO    ] == TEmpresaService.ConsultarObjetoFiltro [END] [dmvcframework]
2021-11-09 12:53:30:030  [TID       7240][INFO    ] POST:/empresa/19810377000134 -> EmpresaController.TEmpresaController - 200 OK [dmvcframework]
2021-11-09 13:13:52:964  [TID      12948][INFO    ] == TEmpresaService.Atualizar [BEGIN] [dmvcframework]
2021-11-09 13:13:52:965  [TID      12948][INFO    ] == TEmpresaService.ConsultarObjetoFiltro [BEGIN] [dmvcframework]
2021-11-09 13:13:52:992  [TID      12948][INFO    ] SELECT * FROM EMPRESA where CNPJ = "19810377000134" [dmvcframework]
2021-11-09 13:13:52:995  [TID      12948][INFO    ] == TEmpresaService.ConsultarObjetoFiltro [END] [dmvcframework]
2021-11-09 13:13:52:995  [TID      12948][INFO    ] UPDATE EMPRESA SET RAZAO_SOCIAL = 'CLAILSON JUNIOR FONTENELE CAVALCANTE 80291589391',NOME_FANTASIA = '1clique',CNPJ = '19810377000134',INSCRICAO_ESTADUAL = null,INSCRICAO_MUNICIPAL = null,TIPO_REGIME = null,CRT = null,DATA_CONSTITUICAO = '2021-11-09',TIPO = 'M',EMAIL = 'cjfontenele@gmail.com',EMAIL_PAGAMENTO = null,LOGRADOURO = 'R BETEL',NUMERO = '2355',COMPLEMENTO = 'APT 08 BL A2',CEP = '60714230',BAIRRO = 'ITAPERI',CIDADE = 'FORTALEZA',UF = 'CE',FONE = null,CONTATO = null,CODIGO_IBGE_CIDADE = null,CODIGO_IBGE_UF = 23,LOGOTIPO = null,REGISTRADO = 'N',NATUREZA_JURIDICA = '213-5 - Empresário (Individual)',SIMEI = 'N',DATA_REGISTRO = null,HORA_REGISTRO = null WHERE ID = '1' [dmvcframework]
2021-11-09 13:13:53:160  [TID      12948][INFO    ] == TEmpresaService.Atualizar [END] [dmvcframework]
2021-11-09 13:13:53:160  [TID      12948][INFO    ] == TEmpresaService.ConsultarObjetoFiltro [BEGIN] [dmvcframework]
2021-11-09 13:13:53:163  [TID      12948][INFO    ] SELECT * FROM EMPRESA where CNPJ = "19810377000134" [dmvcframework]
2021-11-09 13:13:53:164  [TID      12948][INFO    ] == TEmpresaService.ConsultarObjetoFiltro [END] [dmvcframework]
2021-11-09 13:13:53:164  [TID      12948][INFO    ] POST:/empresa -> EmpresaController.TEmpresaController - 200 OK [dmvcframework]
2021-11-09 13:14:04:716  [TID       7548][INFO    ] == TEmpresaService.Registrar [BEGIN] [dmvcframework]
2021-11-09 13:14:04:716  [TID       7548][INFO    ] == TEmpresaService.ConsultarObjetoFiltro [BEGIN] [dmvcframework]
2021-11-09 13:14:04:718  [TID       7548][INFO    ] SELECT * FROM EMPRESA where CNPJ = "19810377000134" [dmvcframework]
2021-11-09 13:14:04:718  [TID       7548][INFO    ] == TEmpresaService.ConsultarObjetoFiltro [END] [dmvcframework]
2021-11-09 13:14:04:718  [TID       7548][INFO    ] UPDATE EMPRESA SET RAZAO_SOCIAL = 'CLAILSON JUNIOR FONTENELE CAVALCANTE 80291589391',NOME_FANTASIA = '1clique',CNPJ = '19810377000134',INSCRICAO_ESTADUAL = null,INSCRICAO_MUNICIPAL = null,TIPO_REGIME = null,CRT = null,DATA_CONSTITUICAO = '2021-11-09',TIPO = 'M',EMAIL = 'cjfontenele@gmail.com',EMAIL_PAGAMENTO = null,LOGRADOURO = 'R BETEL',NUMERO = '2355',COMPLEMENTO = 'APT 08 BL A2',CEP = '60714230',BAIRRO = 'ITAPERI',CIDADE = 'FORTALEZA',UF = 'CE',FONE = null,CONTATO = null,CODIGO_IBGE_CIDADE = null,CODIGO_IBGE_UF = 23,LOGOTIPO = null,REGISTRADO = 'P',NATUREZA_JURIDICA = '213-5 - Empresário (Individual)',SIMEI = 'S',DATA_REGISTRO = null,HORA_REGISTRO = null WHERE ID = '1' [dmvcframework]
2021-11-09 13:14:04:810  [TID       7548][INFO    ] == TEmpresaService.EnviarEmailConfirmacao [BEGIN] [dmvcframework]
2021-11-09 13:14:07:178  [TID       7548][INFO    ] == TEmpresaService.EnviarEmailConfirmacao [END] [dmvcframework]
2021-11-09 13:14:07:178  [TID       7548][INFO    ] == TEmpresaService.Registrar [END] [dmvcframework]
2021-11-09 13:14:07:178  [TID       7548][INFO    ] == TEmpresaService.ConsultarObjetoFiltro [BEGIN] [dmvcframework]
2021-11-09 13:14:07:182  [TID       7548][INFO    ] SELECT * FROM EMPRESA where CNPJ = "19810377000134" [dmvcframework]
2021-11-09 13:14:07:182  [TID       7548][INFO    ] == TEmpresaService.ConsultarObjetoFiltro [END] [dmvcframework]
2021-11-09 13:14:07:183  [TID       7548][INFO    ] POST:/empresa/19810377000134 -> EmpresaController.TEmpresaController - 200 OK [dmvcframework]
2021-11-09 13:14:12:752  [TID       8324][INFO    ] == TEmpresaService.EnviarEmailConfirmacao [BEGIN] [dmvcframework]
2021-11-09 13:14:14:376  [TID       8324][INFO    ] == TEmpresaService.EnviarEmailConfirmacao [END] [dmvcframework]
2021-11-09 13:14:14:376  [TID       8324][INFO    ] == TEmpresaService.ConsultarObjetoFiltro [BEGIN] [dmvcframework]
2021-11-09 13:14:14:379  [TID       8324][INFO    ] SELECT * FROM EMPRESA where CNPJ = "19810377000134" [dmvcframework]
2021-11-09 13:14:14:380  [TID       8324][INFO    ] == TEmpresaService.ConsultarObjetoFiltro [END] [dmvcframework]
2021-11-09 13:14:14:380  [TID       8324][INFO    ] POST:/empresa/19810377000134 -> EmpresaController.TEmpresaController - 200 OK [dmvcframework]
2021-11-09 14:11:15:962  [TID      14136][INFO    ] Default Logger initialized [dmvcframework]
2021-11-09 14:11:15:962  [TID      14136][INFO    ] ENTER: Config default values [dmvcframework]
2021-11-09 14:11:15:962  [TID      14136][INFO    ] EXIT: Config default values [dmvcframework]
2021-11-09 14:11:15:962  [TID      14136][INFO    ] ENTER: LoadSystemControllers [dmvcframework]
2021-11-09 14:11:15:962  [TID      14136][INFO    ] EXIT: LoadSystemControllers [dmvcframework]
2021-11-09 14:11:15:974  [TID      14136][INFO    ] == TEmpresaService.EnviarEmailConfirmacao [BEGIN] [dmvcframework]
2021-11-09 14:11:21:695  [TID      14136][INFO    ] == TEmpresaService.EnviarEmailConfirmacao [END] [dmvcframework]
2021-11-09 14:11:21:695  [TID      14136][INFO    ] == TEmpresaService.ConsultarObjetoFiltro [BEGIN] [dmvcframework]
2021-11-09 14:11:23:019  [TID      14136][INFO    ] SELECT * FROM EMPRESA where CNPJ = "19810377000134" [dmvcframework]
2021-11-09 14:11:23:020  [TID      14136][INFO    ] == TEmpresaService.ConsultarObjetoFiltro [END] [dmvcframework]
2021-11-09 14:11:23:020  [TID      14136][INFO    ] POST:/empresa/19810377000134 -> EmpresaController.TEmpresaController - 200 OK [dmvcframework]
2021-11-09 14:11:49:937  [TID      13752][INFO    ] == TEmpresaService.ConferirCodigoConfirmacao [BEGIN] [dmvcframework]
2021-11-09 14:11:49:937  [TID      13752][INFO    ] CNPJ = 19810377000134 [dmvcframework]
2021-11-09 14:11:49:937  [TID      13752][INFO    ] Codigo Gerado = 776465ae40b209c43023b2d259f4e1f0 [dmvcframework]
2021-11-09 14:11:49:937  [TID      13752][INFO    ] Codigo Enviado = 776465ae40b209c43023b2d259f4e1f0 [dmvcframework]
2021-11-09 14:11:49:937  [TID      13752][INFO    ] O código bateu, vamos procurar a empresa [dmvcframework]
2021-11-09 14:11:49:937  [TID      13752][INFO    ] == TEmpresaService.ConsultarObjetoFiltro [BEGIN] [dmvcframework]
2021-11-09 14:11:49:940  [TID      13752][INFO    ] SELECT * FROM EMPRESA where CNPJ = "19810377000134" [dmvcframework]
2021-11-09 14:11:49:941  [TID      13752][INFO    ] == TEmpresaService.ConsultarObjetoFiltro [END] [dmvcframework]
2021-11-09 14:11:49:941  [TID      13752][INFO    ] Encontrou a empresa, vamos registrar [dmvcframework]
2021-11-09 14:11:49:941  [TID      13752][INFO    ] UPDATE EMPRESA SET RAZAO_SOCIAL = 'CLAILSON JUNIOR FONTENELE CAVALCANTE 80291589391',NOME_FANTASIA = '1clique',CNPJ = '19810377000134',INSCRICAO_ESTADUAL = null,INSCRICAO_MUNICIPAL = null,TIPO_REGIME = null,CRT = null,DATA_CONSTITUICAO = '2021-11-09',TIPO = 'M',EMAIL = 'cjfontenele@gmail.com',EMAIL_PAGAMENTO = null,LOGRADOURO = 'R BETEL',NUMERO = '2355',COMPLEMENTO = 'APT 08 BL A2',CEP = '60714230',BAIRRO = 'ITAPERI',CIDADE = 'FORTALEZA',UF = 'CE',FONE = null,CONTATO = null,CODIGO_IBGE_CIDADE = null,CODIGO_IBGE_UF = 23,LOGOTIPO = null,REGISTRADO = 'S',NATUREZA_JURIDICA = '213-5 - Empresário (Individual)',SIMEI = 'S',DATA_REGISTRO = '2021-11-09',HORA_REGISTRO = '14:11:49' WHERE ID = '1' [dmvcframework]
2021-11-09 14:11:50:143  [TID      13752][INFO    ] Alterou os dados da empresa [dmvcframework]
2021-11-09 14:11:50:144  [TID      13752][INFO    ] == TEmpresaService.ConferirCodigoConfirmacao [END] [dmvcframework]
2021-11-09 14:11:50:144  [TID      13752][INFO    ] == TEmpresaService.ConsultarObjetoFiltro [BEGIN] [dmvcframework]
2021-11-09 14:11:50:153  [TID      13752][INFO    ] SELECT * FROM EMPRESA where CNPJ = "19810377000134" [dmvcframework]
2021-11-09 14:11:50:154  [TID      13752][INFO    ] == TEmpresaService.ConsultarObjetoFiltro [END] [dmvcframework]
2021-11-09 14:11:50:154  [TID      13752][INFO    ] POST:/empresa/19810377000134 -> EmpresaController.TEmpresaController - 200 OK [dmvcframework]
2021-11-10 20:30:41:266  [TID       1708][INFO    ] Default Logger initialized [dmvcframework]
2021-11-10 20:30:41:266  [TID       1708][INFO    ] ENTER: Config default values [dmvcframework]
2021-11-10 20:30:41:266  [TID       1708][INFO    ] EXIT: Config default values [dmvcframework]
2021-11-10 20:30:41:266  [TID       1708][INFO    ] ENTER: LoadSystemControllers [dmvcframework]
2021-11-10 20:30:41:266  [TID       1708][INFO    ] EXIT: LoadSystemControllers [dmvcframework]
2021-11-10 20:30:47:946  [TID       1708][INFO    ] INSERT INTO CFOP(ID,CODIGO,DESCRICAO,APLICACAO) VALUES (3,5703,'tesste importacao','teste') [dmvcframework]
2021-11-10 20:30:48:847  [TID       1708][ERROR   ] [EMySQLNativeException] [FireDAC][Phys][MySQL] Duplicate entry '3' for key 'cfop.PRIMARY' (Custom message: "Global Action Exception Handler") [dmvcframework]
2021-11-10 21:09:35:888  [TID      12204][INFO    ] POST:/cfop/ -> NO ACTION  - 200 OK [dmvcframework]
2021-11-10 21:09:35:888  [TID      12204][ERROR   ] [EMVCException] Not Found (Custom message: "") [dmvcframework]
2021-11-10 22:27:17:454  [TID       4344][INFO    ] POST:/cfop/ -> NO ACTION  - 200 OK [dmvcframework]
2021-11-10 22:27:17:454  [TID       4344][ERROR   ] [EMVCException] Not Found (Custom message: "") [dmvcframework]
2021-11-10 22:31:36:684  [TID      14332][INFO    ] INSERT INTO CFOP(CODIGO,DESCRICAO,APLICACAO) VALUES (5108,'teste de cfop','teste de cfop') [dmvcframework]
2021-11-10 22:31:37:367  [TID      14332][INFO    ] SELECT * FROM CFOP WHERE ID = 4 [dmvcframework]
2021-11-10 22:31:37:367  [TID      14332][INFO    ] POST:/cfop -> CfopController.TCfopController - 200 OK [dmvcframework]
2021-11-10 22:36:08:202  [TID       3192][INFO    ] INSERT INTO CFOP(CODIGO,DESCRICAO,APLICACAO) VALUES (5108,'teste ','teste') [dmvcframework]
2021-11-10 22:36:08:449  [TID       3192][INFO    ] SELECT * FROM CFOP WHERE ID = 5 [dmvcframework]
2021-11-10 22:36:08:449  [TID       3192][INFO    ] POST:/cfop -> CfopController.TCfopController - 200 OK [dmvcframework]
2021-11-10 22:45:47:415  [TID       5968][INFO    ] INSERT INTO CFOP(CODIGO,DESCRICAO,APLICACAO) VALUES (2102,'descriao','tesss') [dmvcframework]
2021-11-10 22:45:47:499  [TID       5968][INFO    ] SELECT * FROM CFOP WHERE ID = 6 [dmvcframework]
2021-11-10 22:45:47:500  [TID       5968][INFO    ] POST:/cfop -> CfopController.TCfopController - 200 OK [dmvcframework]
2021-11-10 22:47:31:729  [TID       9732][INFO    ] PUT:/cfop/6 -> NO ACTION  - 200 OK [dmvcframework]
2021-11-10 22:47:31:729  [TID       9732][ERROR   ] [EMVCException] Not Found (Custom message: "") [dmvcframework]
2021-11-10 22:49:33:759  [TID      10688][INFO    ] SELECT * FROM CFOP WHERE ID = 2 [dmvcframework]
2021-11-10 22:49:33:759  [TID      10688][ERROR   ] [EMVCException] Objeto com ID inválido [Alterar CFOP] (Custom message: "") [dmvcframework]
2021-11-10 22:50:36:477  [TID       2044][INFO    ] SELECT * FROM CFOP WHERE ID = 3 [dmvcframework]
2021-11-10 22:50:36:479  [TID       2044][INFO    ] UPDATE CFOP SET CODIGO = 5405,DESCRICAO = 'teste de cfop substituição',APLICACAO = 'teste de cfop ' WHERE ID = '3' [dmvcframework]
2021-11-10 22:50:36:825  [TID       2044][INFO    ] SELECT * FROM CFOP WHERE ID = 3 [dmvcframework]
2021-11-10 22:50:36:825  [TID       2044][INFO    ] PUT:/cfop -> CfopController.TCfopController - 200 OK [dmvcframework]
2021-11-10 22:53:12:901  [TID       3896][INFO    ] SELECT * FROM CFOP WHERE ID = 6 [dmvcframework]
2021-11-10 22:53:12:902  [TID       3896][INFO    ] UPDATE CFOP SET CODIGO = 5109,DESCRICAO = 'teste casa dfert',APLICACAO = 'teste bvgfrtyui' WHERE ID = '6' [dmvcframework]
2021-11-10 22:53:13:005  [TID       3896][INFO    ] SELECT * FROM CFOP WHERE ID = 6 [dmvcframework]
2021-11-10 22:53:13:006  [TID       3896][INFO    ] PUT:/cfop -> CfopController.TCfopController - 200 OK [dmvcframework]
2021-11-10 23:04:47:619  [TID       5420][INFO    ] SELECT * FROM CFOP WHERE ID = 6 [dmvcframework]
2021-11-10 23:04:47:619  [TID       5420][INFO    ] DELETE FROM CFOP WHERE ID = 6 [dmvcframework]
2021-11-10 23:04:47:893  [TID       5420][INFO    ] DELETE:/cfop/6 -> CfopController.TCfopController - 200 Obejeto excluído com sucesso. [dmvcframework]
2021-11-10 23:04:54:150  [TID      15092][INFO    ] SELECT * FROM CFOP WHERE ID = 7 [dmvcframework]
2021-11-10 23:04:54:151  [TID      15092][ERROR   ] [EMVCException] Objeto com ID inválido [Excluir CFOP] (Custom message: "") [dmvcframework]
2021-11-11 00:33:42:469  [TID       1144][INFO    ] INSERT INTO CFOP(CODIGO,DESCRICAO,APLICACAO) VALUES (2102,'teste','teste') [dmvcframework]
2021-11-11 00:33:42:605  [TID       1144][INFO    ] SELECT * FROM CFOP WHERE ID = 7 [dmvcframework]
2021-11-11 00:33:42:605  [TID       1144][INFO    ] POST:/cfop -> CfopController.TCfopController - 200 OK [dmvcframework]
2021-11-12 21:42:35:443  [TID      14304][INFO    ] Default Logger initialized [dmvcframework]
2021-11-12 21:42:35:443  [TID      14304][INFO    ] ENTER: Config default values [dmvcframework]
2021-11-12 21:42:35:443  [TID      14304][INFO    ] EXIT: Config default values [dmvcframework]
2021-11-12 21:42:35:443  [TID      14304][INFO    ] ENTER: LoadSystemControllers [dmvcframework]
2021-11-12 21:42:35:443  [TID      14304][INFO    ] EXIT: LoadSystemControllers [dmvcframework]
2021-11-12 21:42:38:742  [TID      14304][INFO    ] SELECT * FROM CFOP ORDER BY ID [dmvcframework]
2021-11-12 21:42:38:745  [TID      14304][INFO    ] GET:/cfop/ -> CfopController.TCfopController - 200 OK [dmvcframework]
2021-11-12 21:42:56:204  [TID      16876][INFO    ] SELECT * FROM CFOP WHERE CODIGO = 5108 [dmvcframework]
2021-11-12 21:42:56:205  [TID      16876][INFO    ] GET:/cfop/5108 -> CfopController.TCfopController - 200 OK [dmvcframework]
2021-11-12 21:43:09:433  [TID       9876][INFO    ] SELECT * FROM CFOP WHERE CODIGO = 5102 [dmvcframework]
2021-11-12 21:43:09:433  [TID       9876][INFO    ] GET:/cfop/5102 -> CfopController.TCfopController - 200 OK [dmvcframework]
2021-11-12 21:57:51:829  [TID      16276][INFO    ] SELECT * FROM CFOP ORDER BY ID [dmvcframework]
2021-11-12 21:57:51:830  [TID      16276][INFO    ] GET:/cfop/ -> CfopController.TCfopController - 200 OK [dmvcframework]
2021-11-12 22:09:59:740  [TID      17268][INFO    ] INSERT INTO CFOP(CODIGO,DESCRICAO,APLICACAO) VALUES (5405,'TESTE DE SUBSTITUICAO','TESTE') [dmvcframework]
2021-11-12 22:10:01:638  [TID      17268][INFO    ] SELECT * FROM CFOP WHERE CODIGO = 8 [dmvcframework]
2021-11-12 22:10:01:638  [TID      17268][INFO    ] POST:/cfop -> CfopController.TCfopController - 200 OK [dmvcframework]
2021-11-12 22:17:52:623  [TID      16016][INFO    ] SELECT * FROM CFOP WHERE CODIGO = 2102 [dmvcframework]
2021-11-12 22:17:52:624  [TID      16016][INFO    ] GET:/cfop/2102 -> CfopController.TCfopController - 200 OK [dmvcframework]
2021-11-12 22:36:46:974  [TID      12256][INFO    ] SELECT * FROM CFOP WHERE CODIGO = 3 [dmvcframework]
2021-11-12 22:36:46:974  [TID      12256][ERROR   ] [EMVCException] Objeto com ID inválido [Alterar CFOP] (Custom message: "") [dmvcframework]
2021-11-12 22:51:05:052  [TID      16608][INFO    ] Default Logger initialized [dmvcframework]
2021-11-12 22:51:05:052  [TID      16608][INFO    ] ENTER: Config default values [dmvcframework]
2021-11-12 22:51:05:052  [TID      16608][INFO    ] EXIT: Config default values [dmvcframework]
2021-11-12 22:51:05:052  [TID      16608][INFO    ] ENTER: LoadSystemControllers [dmvcframework]
2021-11-12 22:51:05:052  [TID      16608][INFO    ] EXIT: LoadSystemControllers [dmvcframework]
2021-11-12 22:51:05:370  [TID      16608][INFO    ] SELECT * FROM CFOP WHERE CODIGO = 5405 [dmvcframework]
2021-11-12 22:51:05:370  [TID      16608][INFO    ] UPDATE CFOP SET CODIGO = 5405,DESCRICAO = 'teste de cfop teste',APLICACAO = 'teste de cfop ' WHERE ID = '3' [dmvcframework]
2021-11-12 22:51:05:793  [TID      16608][INFO    ] SELECT * FROM CFOP WHERE CODIGO = 5405 [dmvcframework]
2021-11-12 22:51:05:794  [TID      16608][INFO    ] PUT:/cfop -> CfopController.TCfopController - 200 OK [dmvcframework]
2021-11-12 22:51:12:746  [TID      12204][INFO    ] SELECT * FROM CFOP ORDER BY ID [dmvcframework]
2021-11-12 22:51:12:747  [TID      12204][INFO    ] GET:/cfop/ -> CfopController.TCfopController - 200 OK [dmvcframework]
2021-11-12 22:51:46:895  [TID      12756][INFO    ] SELECT * FROM CFOP WHERE CODIGO = 5108 [dmvcframework]
2021-11-12 22:51:46:895  [TID      12756][INFO    ] DELETE FROM CFOP WHERE ID = 4 [dmvcframework]
2021-11-12 22:51:47:090  [TID      12756][INFO    ] DELETE:/cfop/5108 -> CfopController.TCfopController - 200 Obejeto excluído com sucesso. [dmvcframework]
2021-11-12 22:51:53:141  [TID       6128][INFO    ] SELECT * FROM CFOP ORDER BY ID [dmvcframework]
2021-11-12 22:51:53:142  [TID       6128][INFO    ] GET:/cfop/ -> CfopController.TCfopController - 200 OK [dmvcframework]
2021-11-12 22:52:32:421  [TID      17360][INFO    ] INSERT INTO CFOP(CODIGO,DESCRICAO,APLICACAO) VALUES (2403,'teste de cfop','teste de cfop') [dmvcframework]
2021-11-12 22:52:32:529  [TID      17360][INFO    ] SELECT * FROM CFOP WHERE CODIGO = 9 [dmvcframework]
2021-11-12 22:52:32:530  [TID      17360][INFO    ] POST:/cfop -> CfopController.TCfopController - 200 OK [dmvcframework]
2021-11-12 22:55:28:095  [TID      14504][INFO    ] Default Logger initialized [dmvcframework]
2021-11-12 22:55:28:095  [TID      14504][INFO    ] ENTER: Config default values [dmvcframework]
2021-11-12 22:55:28:095  [TID      14504][INFO    ] EXIT: Config default values [dmvcframework]
2021-11-12 22:55:28:096  [TID      14504][INFO    ] ENTER: LoadSystemControllers [dmvcframework]
2021-11-12 22:55:28:096  [TID      14504][INFO    ] EXIT: LoadSystemControllers [dmvcframework]
2021-11-12 22:55:28:213  [TID      14504][INFO    ] INSERT INTO CFOP(CODIGO,DESCRICAO,APLICACAO) VALUES (2411,'teste de cfop','teste de cfop') [dmvcframework]
2021-11-12 22:55:28:326  [TID      14504][INFO    ] SELECT * FROM CFOP WHERE CODIGO = 2411 [dmvcframework]
2021-11-12 22:55:28:327  [TID      14504][INFO    ] POST:/cfop -> CfopController.TCfopController - 200 OK [dmvcframework]
2021-11-12 22:55:51:425  [TID      10584][INFO    ] SELECT * FROM CFOP ORDER BY ID [dmvcframework]
2021-11-12 22:55:51:426  [TID      10584][INFO    ] GET:/cfop/ -> CfopController.TCfopController - 200 OK [dmvcframework]
2021-11-12 22:56:40:192  [TID      13304][INFO    ] SELECT * FROM CFOP WHERE CODIGO = 5405 [dmvcframework]
2021-11-12 22:56:40:193  [TID      13304][INFO    ] DELETE FROM CFOP WHERE ID = 3 [dmvcframework]
2021-11-12 22:56:40:347  [TID      13304][INFO    ] DELETE:/cfop/5405 -> CfopController.TCfopController - 200 Obejeto excluído com sucesso. [dmvcframework]
2021-11-12 22:56:47:579  [TID      15400][INFO    ] SELECT * FROM CFOP ORDER BY ID [dmvcframework]
2021-11-12 22:56:47:580  [TID      15400][INFO    ] GET:/cfop/ -> CfopController.TCfopController - 200 OK [dmvcframework]
2021-11-12 22:57:10:215  [TID       9964][INFO    ] SELECT * FROM CFOP WHERE CODIGO = 5102 [dmvcframework]
2021-11-12 22:57:10:215  [TID       9964][INFO    ] DELETE FROM CFOP WHERE ID = 1 [dmvcframework]
2021-11-12 22:57:10:321  [TID       9964][INFO    ] DELETE:/cfop/5102 -> CfopController.TCfopController - 200 Obejeto excluído com sucesso. [dmvcframework]
2021-11-12 22:57:15:003  [TID      15488][INFO    ] SELECT * FROM CFOP ORDER BY ID [dmvcframework]
2021-11-12 22:57:15:003  [TID      15488][INFO    ] GET:/cfop/ -> CfopController.TCfopController - 200 OK [dmvcframework]
2021-11-14 11:38:53:961  [TID      11256][INFO    ] Default Logger initialized [dmvcframework]
2021-11-14 11:38:53:961  [TID      11256][INFO    ] ENTER: Config default values [dmvcframework]
2021-11-14 11:38:53:961  [TID      11256][INFO    ] EXIT: Config default values [dmvcframework]
2021-11-14 11:38:53:961  [TID      11256][INFO    ] ENTER: LoadSystemControllers [dmvcframework]
2021-11-14 11:38:53:962  [TID      11256][INFO    ] EXIT: LoadSystemControllers [dmvcframework]
2021-11-14 11:38:58:242  [TID      11256][INFO    ] INSERT INTO CFOP(CODIGO,DESCRICAO,APLICACAO) VALUES (7202,'teste','teste') [dmvcframework]
2021-11-14 11:38:59:363  [TID      11256][INFO    ] SELECT * FROM CFOP WHERE CODIGO = 7202 [dmvcframework]
2021-11-14 11:38:59:364  [TID      11256][INFO    ] POST:/cfop -> CfopController.TCfopController - 200 OK [dmvcframework]
2021-11-14 11:40:44:564  [TID      12128][INFO    ] SELECT * FROM CFOP ORDER BY ID [dmvcframework]
2021-11-14 11:40:44:576  [TID      12128][INFO    ] GET:/cfop/ -> CfopController.TCfopController - 200 OK [dmvcframework]
2021-11-14 11:42:16:187  [TID       6720][INFO    ] SELECT * FROM CFOP WHERE CODIGO = 7303 [dmvcframework]
2021-11-14 11:42:16:188  [TID       6720][ERROR   ] [EMVCException] Registro não localizado [Consultar Objeto CFOP] (Custom message: "") [dmvcframework]
2021-11-14 11:54:10:485  [TID       8144][INFO    ] SELECT * FROM CFOP ORDER BY ID [dmvcframework]
2021-11-14 11:54:10:486  [TID       8144][INFO    ] GET:/cfop/ -> CfopController.TCfopController - 200 OK [dmvcframework]
2021-11-14 11:54:33:079  [TID      12884][INFO    ] SELECT * FROM CFOP WHERE CODIGO = 7303 [dmvcframework]
2021-11-14 11:54:33:079  [TID      12884][ERROR   ] [EMVCException] Objeto com codigo inválido [Alterar CFOP] (Custom message: "") [dmvcframework]
2021-11-14 11:55:40:159  [TID      13628][INFO    ] SELECT * FROM CFOP ORDER BY ID [dmvcframework]
2021-11-14 11:55:40:159  [TID      13628][INFO    ] GET:/cfop/ -> CfopController.TCfopController - 200 OK [dmvcframework]
2021-11-14 11:55:48:880  [TID       1032][INFO    ] SELECT * FROM CFOP ORDER BY ID [dmvcframework]
2021-11-14 11:55:48:881  [TID       1032][INFO    ] GET:/cfop/ -> CfopController.TCfopController - 200 OK [dmvcframework]
2021-11-14 12:07:44:905  [TID      13204][INFO    ] SELECT * FROM CFOP WHERE CODIGO = 7303 [dmvcframework]
2021-11-14 12:07:44:905  [TID      13204][ERROR   ] [EMVCException] Objeto com codigo inválido [Alterar CFOP] (Custom message: "") [dmvcframework]
2021-11-14 12:08:02:782  [TID       7232][INFO    ] SELECT * FROM CFOP ORDER BY ID [dmvcframework]
2021-11-14 12:08:02:783  [TID       7232][INFO    ] GET:/cfop/ -> CfopController.TCfopController - 200 OK [dmvcframework]
2021-11-14 12:09:33:581  [TID       7500][INFO    ] SELECT * FROM CFOP WHERE CODIGO = 5405 [dmvcframework]
2021-11-14 12:09:33:581  [TID       7500][INFO    ] UPDATE CFOP SET CODIGO = 5405,DESCRICAO = 'teste de cfop teste',APLICACAO = 'teste de cfop teste ' WHERE ID = '3' [dmvcframework]
2021-11-14 12:09:33:590  [TID       7500][ERROR   ] [EMVCException] Nenhum registro foi alterado [Alterar CFOP] (Custom message: "") [dmvcframework]
2021-11-14 12:10:05:235  [TID       4960][ERROR   ] [EMVCException] Invalid character in string (1, 12) (Custom message: "") [dmvcframework]
2021-11-14 12:10:25:540  [TID      14052][INFO    ] SELECT * FROM CFOP WHERE CODIGO = 2403 [dmvcframework]
2021-11-14 12:10:25:540  [TID      14052][INFO    ] UPDATE CFOP SET CODIGO = 2403,DESCRICAO = 'teste de cfop',APLICACAO = 'teste ' WHERE ID = '9' [dmvcframework]
2021-11-14 12:10:25:858  [TID      14052][INFO    ] SELECT * FROM CFOP WHERE CODIGO = 2403 [dmvcframework]
2021-11-14 12:10:25:859  [TID      14052][INFO    ] PUT:/cfop -> CfopController.TCfopController - 200 OK [dmvcframework]
2021-11-14 13:22:53:574  [TID      11644][INFO    ] INSERT INTO CFOP(CODIGO,DESCRICAO,APLICACAO) VALUES (5220,'teste','teste') [dmvcframework]
2021-11-14 13:22:53:722  [TID      11644][INFO    ] SELECT * FROM CFOP WHERE CODIGO = 5220 [dmvcframework]
2021-11-14 13:22:53:723  [TID      11644][INFO    ] POST:/cfop -> CfopController.TCfopController - 200 OK [dmvcframework]
2021-11-14 13:23:20:195  [TID       8072][INFO    ] SELECT * FROM CFOP ORDER BY ID [dmvcframework]
2021-11-14 13:23:20:196  [TID       8072][INFO    ] GET:/cfop/ -> CfopController.TCfopController - 200 OK [dmvcframework]
2021-11-14 13:23:32:262  [TID      15628][INFO    ] SELECT * FROM CFOP WHERE CODIGO = 7303 [dmvcframework]
2021-11-14 13:23:32:262  [TID      15628][ERROR   ] [EMVCException] Registro não localizado [Consultar Objeto CFOP] (Custom message: "") [dmvcframework]
2021-11-14 13:23:48:841  [TID       3884][INFO    ] SELECT * FROM CFOP WHERE CODIGO = 5220 [dmvcframework]
2021-11-14 13:23:48:842  [TID       3884][INFO    ] GET:/cfop/5220 -> CfopController.TCfopController - 200 OK [dmvcframework]
2021-11-14 13:24:17:701  [TID      13040][INFO    ] SELECT * FROM CFOP WHERE CODIGO = 5220 [dmvcframework]
2021-11-14 13:24:17:701  [TID      13040][INFO    ] UPDATE CFOP SET CODIGO = 5220,DESCRICAO = 'teste',APLICACAO = 'teste alterar' WHERE ID = '12' [dmvcframework]
2021-11-14 13:24:17:919  [TID      13040][INFO    ] SELECT * FROM CFOP WHERE CODIGO = 5220 [dmvcframework]
2021-11-14 13:24:17:920  [TID      13040][INFO    ] PUT:/cfop -> CfopController.TCfopController - 200 OK [dmvcframework]
2021-11-14 13:24:21:535  [TID      10316][INFO    ] SELECT * FROM CFOP ORDER BY ID [dmvcframework]
2021-11-14 13:24:21:537  [TID      10316][INFO    ] GET:/cfop/ -> CfopController.TCfopController - 200 OK [dmvcframework]
2021-11-14 13:24:35:399  [TID      10544][INFO    ] SELECT * FROM CFOP WHERE CODIGO = 5220 [dmvcframework]
2021-11-14 13:24:35:399  [TID      10544][INFO    ] DELETE FROM CFOP WHERE ID = 12 [dmvcframework]
2021-11-14 13:24:35:550  [TID      10544][INFO    ] DELETE:/cfop/5220 -> CfopController.TCfopController - 200 Obejeto excluído com sucesso. [dmvcframework]
2021-11-14 13:24:39:888  [TID      16532][INFO    ] SELECT * FROM CFOP ORDER BY ID [dmvcframework]
2021-11-14 13:24:39:889  [TID      16532][INFO    ] GET:/cfop/ -> CfopController.TCfopController - 200 OK [dmvcframework]
2021-11-14 13:30:48:523  [TID      17208][INFO    ] SELECT * FROM CFOP WHERE CODIGO = 5220 [dmvcframework]
2021-11-14 13:30:48:523  [TID      17208][ERROR   ] [EMVCException] Objeto com codigo inválido [Alterar CFOP] (Custom message: "") [dmvcframework]
2021-11-14 19:04:30:953  [TID      16092][INFO    ] Default Logger initialized [dmvcframework]
2021-11-14 19:04:30:953  [TID      16092][INFO    ] ENTER: Config default values [dmvcframework]
2021-11-14 19:04:30:953  [TID      16092][INFO    ] EXIT: Config default values [dmvcframework]
2021-11-14 19:04:30:953  [TID      16092][INFO    ] ENTER: LoadSystemControllers [dmvcframework]
2021-11-14 19:04:30:953  [TID      16092][INFO    ] EXIT: LoadSystemControllers [dmvcframework]
2021-11-14 19:04:35:617  [TID      16092][INFO    ] SELECT * FROM CFOP WHERE CODIGO = 1202 [dmvcframework]
2021-11-14 19:04:35:618  [TID      16092][ERROR   ] [EMVCException] Registro não localizado [Consultar Objeto CFOP] (Custom message: "") [dmvcframework]
2021-11-14 19:04:43:378  [TID       5864][INFO    ] SELECT * FROM CFOP ORDER BY ID [dmvcframework]
2021-11-14 19:04:43:386  [TID       5864][INFO    ] GET:/cfop/ -> CfopController.TCfopController - 200 OK [dmvcframework]
2021-11-14 19:04:53:746  [TID       9124][INFO    ] SELECT * FROM CFOP WHERE CODIGO = 5220 [dmvcframework]
2021-11-14 19:04:53:746  [TID       9124][ERROR   ] [EMVCException] Registro não localizado [Consultar Objeto CFOP] (Custom message: "") [dmvcframework]
2021-11-14 19:05:02:140  [TID      14676][INFO    ] SELECT * FROM CFOP ORDER BY ID [dmvcframework]
2021-11-14 19:05:02:141  [TID      14676][INFO    ] GET:/cfop/ -> CfopController.TCfopController - 200 OK [dmvcframework]
2021-11-14 19:05:21:286  [TID       4644][INFO    ] SELECT * FROM CFOP WHERE CODIGO = 7202 [dmvcframework]
2021-11-14 19:05:21:286  [TID       4644][INFO    ] GET:/cfop/7202 -> CfopController.TCfopController - 200 OK [dmvcframework]
2021-11-14 19:29:44:409  [TID      10048][INFO    ] Default Logger initialized [dmvcframework]
2021-11-14 19:29:44:409  [TID      10048][INFO    ] ENTER: Config default values [dmvcframework]
2021-11-14 19:29:44:409  [TID      10048][INFO    ] EXIT: Config default values [dmvcframework]
2021-11-14 19:29:44:409  [TID      10048][INFO    ] ENTER: LoadSystemControllers [dmvcframework]
2021-11-14 19:29:44:409  [TID      10048][INFO    ] EXIT: LoadSystemControllers [dmvcframework]
2021-11-14 19:29:44:593  [TID      10048][INFO    ] SELECT * FROM CFOP ORDER BY ID [dmvcframework]
2021-11-14 19:29:44:594  [TID      10048][INFO    ] GET:/cfop/ -> CfopController.TCfopController - 200 OK [dmvcframework]
2021-11-14 19:29:56:134  [TID      13956][INFO    ] SELECT * FROM CFOP WHERE CODIGO = 7 [dmvcframework]
2021-11-14 19:29:56:135  [TID      13956][ERROR   ] [EMVCException] Registro não localizado [Consultar Objeto CFOP] (Custom message: "") [dmvcframework]
2021-11-14 19:31:09:162  [TID      15976][INFO    ] Default Logger initialized [dmvcframework]
2021-11-14 19:31:09:162  [TID      15976][INFO    ] ENTER: Config default values [dmvcframework]
2021-11-14 19:31:09:162  [TID      15976][INFO    ] EXIT: Config default values [dmvcframework]
2021-11-14 19:31:09:163  [TID      15976][INFO    ] ENTER: LoadSystemControllers [dmvcframework]
2021-11-14 19:31:09:163  [TID      15976][INFO    ] EXIT: LoadSystemControllers [dmvcframework]
2021-11-14 19:31:09:251  [TID      15976][INFO    ] SELECT * FROM CFOP ORDER BY ID [dmvcframework]
2021-11-14 19:31:09:252  [TID      15976][INFO    ] GET:/cfop/ -> CfopController.TCfopController - 200 OK [dmvcframework]
2021-11-14 19:31:12:888  [TID      16300][INFO    ] SELECT * FROM CFOP WHERE ID = 7 [dmvcframework]
2021-11-14 19:31:12:888  [TID      16300][INFO    ] GET:/cfop/7 -> CfopController.TCfopController - 200 OK [dmvcframework]
2021-11-14 19:31:29:080  [TID      11916][INFO    ] SELECT * FROM CFOP WHERE ID = 5220 [dmvcframework]
2021-11-14 19:31:29:081  [TID      11916][ERROR   ] [EMVCException] Objeto com codigo inválido [Alterar CFOP] (Custom message: "") [dmvcframework]
2021-11-14 19:31:32:502  [TID       9164][INFO    ] SELECT * FROM CFOP ORDER BY ID [dmvcframework]
2021-11-14 19:31:32:502  [TID       9164][INFO    ] GET:/cfop/ -> CfopController.TCfopController - 200 OK [dmvcframework]
2021-11-14 19:31:47:975  [TID       5348][INFO    ] SELECT * FROM CFOP WHERE ID = 7202 [dmvcframework]
2021-11-14 19:31:47:975  [TID       5348][ERROR   ] [EMVCException] Objeto com codigo inválido [Alterar CFOP] (Custom message: "") [dmvcframework]
2021-11-14 19:33:57:720  [TID      10192][INFO    ] Default Logger initialized [dmvcframework]
2021-11-14 19:33:57:720  [TID      10192][INFO    ] ENTER: Config default values [dmvcframework]
2021-11-14 19:33:57:720  [TID      10192][INFO    ] EXIT: Config default values [dmvcframework]
2021-11-14 19:33:57:720  [TID      10192][INFO    ] ENTER: LoadSystemControllers [dmvcframework]
2021-11-14 19:33:57:720  [TID      10192][INFO    ] EXIT: LoadSystemControllers [dmvcframework]
2021-11-14 19:33:57:759  [TID      10192][INFO    ] SELECT * FROM CFOP WHERE ID = 11 [dmvcframework]
2021-11-14 19:33:57:759  [TID      10192][INFO    ] UPDATE CFOP SET CODIGO = 7202,DESCRICAO = 'teste 12',APLICACAO = 'teste' WHERE ID = '11' [dmvcframework]
2021-11-14 19:33:57:880  [TID      10192][INFO    ] SELECT * FROM CFOP WHERE ID = 11 [dmvcframework]
2021-11-14 19:33:57:881  [TID      10192][INFO    ] PUT:/cfop -> CfopController.TCfopController - 200 OK [dmvcframework]
2021-11-14 19:34:12:057  [TID      10420][INFO    ] SELECT * FROM CFOP WHERE ID = 0 [dmvcframework]
2021-11-14 19:34:12:057  [TID      10420][ERROR   ] [EMVCException] Objeto com Codigo inválido [Excluir CFOP] (Custom message: "") [dmvcframework]
2021-11-14 19:35:11:764  [TID      15844][INFO    ] Default Logger initialized [dmvcframework]
2021-11-14 19:35:11:764  [TID      15844][INFO    ] ENTER: Config default values [dmvcframework]
2021-11-14 19:35:11:764  [TID      15844][INFO    ] EXIT: Config default values [dmvcframework]
2021-11-14 19:35:11:765  [TID      15844][INFO    ] ENTER: LoadSystemControllers [dmvcframework]
2021-11-14 19:35:11:765  [TID      15844][INFO    ] EXIT: LoadSystemControllers [dmvcframework]
2021-11-14 19:35:11:803  [TID      15844][INFO    ] SELECT * FROM CFOP WHERE ID = 0 [dmvcframework]
2021-11-14 19:35:11:803  [TID      15844][ERROR   ] [EMVCException] Objeto com Codigo inválido [Excluir CFOP] (Custom message: "") [dmvcframework]
2021-11-14 19:36:40:563  [TID      12588][INFO    ] Default Logger initialized [dmvcframework]
2021-11-14 19:36:40:563  [TID      12588][INFO    ] ENTER: Config default values [dmvcframework]
2021-11-14 19:36:40:563  [TID      12588][INFO    ] EXIT: Config default values [dmvcframework]
2021-11-14 19:36:40:563  [TID      12588][INFO    ] ENTER: LoadSystemControllers [dmvcframework]
2021-11-14 19:36:40:563  [TID      12588][INFO    ] EXIT: LoadSystemControllers [dmvcframework]
2021-11-14 19:37:39:350  [TID      11256][INFO    ] Default Logger initialized [dmvcframework]
2021-11-14 19:37:39:350  [TID      11256][INFO    ] ENTER: Config default values [dmvcframework]
2021-11-14 19:37:39:351  [TID      11256][INFO    ] EXIT: Config default values [dmvcframework]
2021-11-14 19:37:39:352  [TID      11256][INFO    ] ENTER: LoadSystemControllers [dmvcframework]
2021-11-14 19:37:39:353  [TID      11256][INFO    ] EXIT: LoadSystemControllers [dmvcframework]
2021-11-14 19:37:39:415  [TID      11256][INFO    ] SELECT * FROM CFOP WHERE ID = 11 [dmvcframework]
2021-11-14 19:37:39:416  [TID      11256][INFO    ] DELETE FROM CFOP WHERE ID = 11 [dmvcframework]
2021-11-14 19:37:39:683  [TID      11256][INFO    ] DELETE:/cfop/11 -> CfopController.TCfopController - 200 Obejeto excluído com sucesso. [dmvcframework]
2021-11-14 19:52:58:109  [TID      10836][INFO    ] SELECT * FROM CFOP WHERE ID = 13 [dmvcframework]
2021-11-14 19:52:58:109  [TID      10836][ERROR   ] [EMVCException] Registro não localizado [Consultar Objeto CFOP] (Custom message: "") [dmvcframework]
2021-11-14 19:53:22:433  [TID      15968][INFO    ] INSERT INTO CFOP(ID,CODIGO,DESCRICAO,APLICACAO) VALUES (13,5220,'teste 15','teste ') [dmvcframework]
2021-11-14 19:53:22:545  [TID      15968][INFO    ] SELECT * FROM CFOP WHERE ID = 5220 [dmvcframework]
2021-11-14 19:53:22:546  [TID      15968][INFO    ] POST:/cfop -> CfopController.TCfopController - 200 OK [dmvcframework]
2021-11-14 19:53:52:421  [TID      14840][INFO    ] SELECT * FROM CFOP ORDER BY ID [dmvcframework]
2021-11-14 19:53:52:429  [TID      14840][INFO    ] GET:/cfop/ -> CfopController.TCfopController - 200 OK [dmvcframework]
2021-11-14 20:08:26:718  [TID      10016][INFO    ] SELECT * FROM CFOP ORDER BY ID [dmvcframework]
2021-11-14 20:08:26:719  [TID      10016][INFO    ] GET:/cfop/ -> CfopController.TCfopController - 200 OK [dmvcframework]
2021-11-14 20:08:26:771  [TID       9680][INFO    ] SELECT * FROM CFOP WHERE ID = 13 [dmvcframework]
2021-11-14 20:08:26:771  [TID       9680][INFO    ] UPDATE CFOP SET CODIGO = 5220,DESCRICAO = 'teste 16',APLICACAO = 'teste ' WHERE ID = '13' [dmvcframework]
2021-11-14 20:08:26:857  [TID       9680][INFO    ] SELECT * FROM CFOP WHERE ID = 13 [dmvcframework]
2021-11-14 20:08:26:857  [TID       9680][INFO    ] PUT:/cfop -> CfopController.TCfopController - 200 OK [dmvcframework]
2021-11-14 20:08:33:978  [TID       9300][INFO    ] SELECT * FROM CFOP ORDER BY ID [dmvcframework]
2021-11-14 20:08:33:978  [TID       9300][INFO    ] GET:/cfop/ -> CfopController.TCfopController - 200 OK [dmvcframework]
2021-11-14 20:08:51:416  [TID      11936][INFO    ] SELECT * FROM CFOP ORDER BY ID [dmvcframework]
2021-11-14 20:08:51:417  [TID      11936][INFO    ] GET:/cfop/ -> CfopController.TCfopController - 200 OK [dmvcframework]
2021-11-14 20:08:51:482  [TID      16172][INFO    ] SELECT * FROM CFOP WHERE ID = 12 [dmvcframework]
2021-11-14 20:08:51:485  [TID      16172][ERROR   ] [EMVCException] Objeto com ID inválido [Alterar CFOP] (Custom message: "") [dmvcframework]
2021-11-14 20:13:44:398  [TID       1548][INFO    ] SELECT * FROM CFOP ORDER BY ID [dmvcframework]
2021-11-14 20:13:44:398  [TID       1548][INFO    ] GET:/cfop/ -> CfopController.TCfopController - 200 OK [dmvcframework]
2021-11-14 20:15:37:567  [TID      12156][INFO    ] SELECT * FROM CFOP where CODIGO = "7202" [dmvcframework]
2021-11-14 20:15:37:568  [TID      12156][INFO    ] GET:/cfop/ -> CfopController.TCfopController - 200 OK [dmvcframework]
2021-11-14 20:17:17:626  [TID       6380][INFO    ] SELECT * FROM CFOP where CODIGO = "7202" [dmvcframework]
2021-11-14 20:17:17:626  [TID       6380][INFO    ] GET:/cfop/ -> CfopController.TCfopController - 200 OK [dmvcframework]
2021-11-14 20:18:30:157  [TID       4016][INFO    ] SELECT * FROM CFOP ORDER BY ID [dmvcframework]
2021-11-14 20:18:30:158  [TID       4016][INFO    ] GET:/cfop/ -> CfopController.TCfopController - 200 OK [dmvcframework]
2021-11-14 20:20:47:008  [TID       3212][INFO    ] SELECT * FROM CFOP where CODIGO = "7202" [dmvcframework]
2021-11-14 20:20:47:008  [TID       3212][INFO    ] GET:/cfop/ -> CfopController.TCfopController - 200 OK [dmvcframework]
2021-11-14 20:21:15:043  [TID      10316][INFO    ] SELECT * FROM CFOP ORDER BY ID [dmvcframework]
2021-11-14 20:21:15:044  [TID      10316][INFO    ] GET:/cfop/ -> CfopController.TCfopController - 200 OK [dmvcframework]
2021-11-14 20:21:16:801  [TID      14016][INFO    ] SELECT * FROM CFOP ORDER BY ID [dmvcframework]
2021-11-14 20:21:16:803  [TID      14016][INFO    ] GET:/cfop/ -> CfopController.TCfopController - 200 OK [dmvcframework]
2021-11-14 20:21:21:471  [TID      11400][INFO    ] SELECT * FROM CFOP ORDER BY ID [dmvcframework]
2021-11-14 20:21:21:472  [TID      11400][INFO    ] GET:/cfop/ -> CfopController.TCfopController - 200 OK [dmvcframework]
2021-11-14 20:32:15:563  [TID      12448][INFO    ] SELECT * FROM CFOP where CODIGO = "7202" [dmvcframework]
2021-11-14 20:32:15:564  [TID      12448][INFO    ] GET:/cfop/ -> CfopController.TCfopController - 200 OK [dmvcframework]
2021-11-14 20:35:01:431  [TID      14152][INFO    ] SELECT * FROM CFOP where CODIGO = "7202" [dmvcframework]
2021-11-14 20:35:01:431  [TID      14152][INFO    ] GET:/cfop/ -> CfopController.TCfopController - 200 OK [dmvcframework]
2021-11-14 20:35:43:936  [TID       3708][INFO    ] SELECT * FROM CFOP ORDER BY ID [dmvcframework]
2021-11-14 20:35:43:937  [TID       3708][INFO    ] GET:/cfop/ -> CfopController.TCfopController - 200 OK [dmvcframework]
2021-11-14 20:37:24:481  [TID      13648][INFO    ] SELECT * FROM CFOP where CODIGO = "7202" [dmvcframework]
2021-11-14 20:37:24:481  [TID      13648][INFO    ] GET:/cfop/ -> CfopController.TCfopController - 200 OK [dmvcframework]
2021-11-14 20:37:28:103  [TID      10420][INFO    ] INSERT INTO CFOP(ID,CODIGO,DESCRICAO,APLICACAO) VALUES (12,7202,'teste 28','teste') [dmvcframework]
2021-11-14 20:37:28:302  [TID      10420][INFO    ] SELECT * FROM CFOP WHERE ID = 7202 [dmvcframework]
2021-11-14 20:37:28:302  [TID      10420][INFO    ] POST:/cfop -> CfopController.TCfopController - 200 OK [dmvcframework]
2021-11-14 20:41:42:689  [TID       4828][INFO    ] SELECT * FROM CFOP ORDER BY ID [dmvcframework]
2021-11-14 20:41:42:690  [TID       4828][INFO    ] GET:/cfop/ -> CfopController.TCfopController - 200 OK [dmvcframework]
2021-11-14 20:42:42:831  [TID       9740][INFO    ] INSERT INTO CFOP(CODIGO,DESCRICAO,APLICACAO) VALUES (3808,'teste','teste') [dmvcframework]
2021-11-14 20:42:42:993  [TID       9740][INFO    ] SELECT * FROM CFOP WHERE ID = 3808 [dmvcframework]
2021-11-14 20:42:42:993  [TID       9740][INFO    ] POST:/cfop -> CfopController.TCfopController - 200 OK [dmvcframework]
2021-11-14 20:43:45:782  [TID      13936][INFO    ] INSERT INTO CFOP(CODIGO,DESCRICAO,APLICACAO) VALUES (7915,'teste de cfop','teste de cfop') [dmvcframework]
2021-11-14 20:43:45:883  [TID      13936][INFO    ] SELECT * FROM CFOP WHERE ID = 7915 [dmvcframework]
2021-11-14 20:43:45:884  [TID      13936][INFO    ] POST:/cfop -> CfopController.TCfopController - 200 OK [dmvcframework]
2021-11-14 20:46:20:105  [TID       9792][INFO    ] Default Logger initialized [dmvcframework]
2021-11-14 20:46:20:105  [TID       9792][INFO    ] ENTER: Config default values [dmvcframework]
2021-11-14 20:46:20:105  [TID       9792][INFO    ] EXIT: Config default values [dmvcframework]
2021-11-14 20:46:20:106  [TID       9792][INFO    ] ENTER: LoadSystemControllers [dmvcframework]
2021-11-14 20:46:20:106  [TID       9792][INFO    ] EXIT: LoadSystemControllers [dmvcframework]
2021-11-14 20:46:20:431  [TID       9792][INFO    ] INSERT INTO CFOP(CODIGO,DESCRICAO,APLICACAO) VALUES (7916,'teste de cfop','teste de cfop') [dmvcframework]
2021-11-14 20:46:20:532  [TID       9792][INFO    ] SELECT * FROM CFOP WHERE ID = 16 [dmvcframework]
2021-11-14 20:46:20:532  [TID       9792][INFO    ] POST:/cfop -> CfopController.TCfopController - 200 OK [dmvcframework]
2021-11-14 20:47:53:637  [TID      11604][INFO    ] INSERT INTO CFOP(CODIGO,DESCRICAO,APLICACAO) VALUES (6915,'teste','teste') [dmvcframework]
2021-11-14 20:47:53:761  [TID      11604][INFO    ] SELECT * FROM CFOP WHERE ID = 17 [dmvcframework]
2021-11-14 20:47:53:762  [TID      11604][INFO    ] POST:/cfop -> CfopController.TCfopController - 200 OK [dmvcframework]
2021-11-14 20:48:31:127  [TID       7052][INFO    ] INSERT INTO CFOP(CODIGO,DESCRICAO,APLICACAO) VALUES (7916,'teste 1','teste ') [dmvcframework]
2021-11-14 20:48:31:231  [TID       7052][INFO    ] SELECT * FROM CFOP WHERE ID = 18 [dmvcframework]
2021-11-14 20:48:31:231  [TID       7052][INFO    ] POST:/cfop -> CfopController.TCfopController - 200 OK [dmvcframework]
2021-11-14 20:48:40:098  [TID      16252][INFO    ] SELECT * FROM CFOP ORDER BY ID [dmvcframework]
2021-11-14 20:48:40:100  [TID      16252][INFO    ] GET:/cfop/ -> CfopController.TCfopController - 200 OK [dmvcframework]
2021-11-14 20:50:16:744  [TID       6812][INFO    ] SELECT * FROM CFOP where CODIGO = "5701" [dmvcframework]
2021-11-14 20:50:16:745  [TID       6812][INFO    ] GET:/cfop/ -> CfopController.TCfopController - 200 OK [dmvcframework]
2021-11-14 20:50:17:637  [TID      12928][INFO    ] INSERT INTO CFOP(ID,CODIGO,DESCRICAO,APLICACAO) VALUES (4,5701,'teste 5','teste') [dmvcframework]
2021-11-14 20:50:17:791  [TID      12928][INFO    ] SELECT * FROM CFOP WHERE ID = 18 [dmvcframework]
2021-11-14 20:50:17:792  [TID      12928][INFO    ] POST:/cfop -> CfopController.TCfopController - 200 OK [dmvcframework]
2021-11-14 20:50:27:303  [TID       3124][INFO    ] SELECT * FROM CFOP ORDER BY ID [dmvcframework]
2021-11-14 20:50:27:304  [TID       3124][INFO    ] GET:/cfop/ -> CfopController.TCfopController - 200 OK [dmvcframework]
2021-11-14 20:50:58:629  [TID       3572][INFO    ] SELECT * FROM CFOP ORDER BY ID [dmvcframework]
2021-11-14 20:50:58:630  [TID       3572][INFO    ] GET:/cfop/ -> CfopController.TCfopController - 200 OK [dmvcframework]
2021-11-14 20:51:55:290  [TID       6700][INFO    ] SELECT * FROM CFOP where CODIGO = "5403" [dmvcframework]
2021-11-14 20:51:55:290  [TID       6700][INFO    ] GET:/cfop/ -> CfopController.TCfopController - 200 OK [dmvcframework]
2021-11-14 20:51:59:228  [TID       2560][INFO    ] INSERT INTO CFOP(ID,CODIGO,DESCRICAO,APLICACAO) VALUES (2,5403,'teste 3','teste') [dmvcframework]
2021-11-14 20:51:59:301  [TID       2560][INFO    ] SELECT * FROM CFOP WHERE ID = 18 [dmvcframework]
2021-11-14 20:51:59:301  [TID       2560][INFO    ] POST:/cfop -> CfopController.TCfopController - 200 OK [dmvcframework]
2021-11-14 20:52:03:405  [TID      11988][INFO    ] SELECT * FROM CFOP ORDER BY ID [dmvcframework]
2021-11-14 20:52:03:406  [TID      11988][INFO    ] GET:/cfop/ -> CfopController.TCfopController - 200 OK [dmvcframework]
2021-11-14 20:54:59:677  [TID       3308][INFO    ] SELECT * FROM CFOP WHERE ID = 2 [dmvcframework]
2021-11-14 20:54:59:677  [TID       3308][INFO    ] DELETE FROM CFOP WHERE ID = 2 [dmvcframework]
2021-11-14 20:54:59:851  [TID       3308][INFO    ] DELETE:/cfop/2 -> CfopController.TCfopController - 200 Obejeto excluído com sucesso. [dmvcframework]
2021-11-14 20:55:05:225  [TID       1032][INFO    ] SELECT * FROM CFOP ORDER BY ID [dmvcframework]
2021-11-14 20:55:05:226  [TID       1032][INFO    ] GET:/cfop/ -> CfopController.TCfopController - 200 OK [dmvcframework]
2021-11-14 20:55:36:588  [TID       9628][INFO    ] SELECT * FROM CFOP where CODIGO = "5403" [dmvcframework]
2021-11-14 20:55:36:588  [TID       9628][INFO    ] GET:/cfop/ -> CfopController.TCfopController - 200 OK [dmvcframework]
2021-11-14 20:55:42:216  [TID       4780][INFO    ] INSERT INTO CFOP(ID,CODIGO,DESCRICAO,APLICACAO) VALUES (2,5403,'teste 3','teste') [dmvcframework]
2021-11-14 20:55:42:357  [TID       4780][INFO    ] SELECT * FROM CFOP WHERE ID = 18 [dmvcframework]
2021-11-14 20:55:42:357  [TID       4780][INFO    ] POST:/cfop -> CfopController.TCfopController - 200 OK [dmvcframework]
2021-11-14 20:56:11:265  [TID       2308][INFO    ] SELECT * FROM CFOP ORDER BY ID [dmvcframework]
2021-11-14 20:56:11:265  [TID       2308][INFO    ] GET:/cfop/ -> CfopController.TCfopController - 200 OK [dmvcframework]
2021-11-14 20:56:38:918  [TID       2712][INFO    ] SELECT * FROM CFOP where CODIGO = "6202" [dmvcframework]
2021-11-14 20:56:38:919  [TID       2712][INFO    ] GET:/cfop/ -> CfopController.TCfopController - 200 OK [dmvcframework]
2021-11-14 20:56:44:967  [TID       5828][INFO    ] INSERT INTO CFOP(CODIGO,DESCRICAO,APLICACAO) VALUES (6202,'teste','teste') [dmvcframework]
2021-11-14 20:56:45:105  [TID       5828][INFO    ] SELECT * FROM CFOP WHERE ID = 19 [dmvcframework]
2021-11-14 20:56:45:105  [TID       5828][INFO    ] POST:/cfop -> CfopController.TCfopController - 200 OK [dmvcframework]
2021-11-14 20:56:55:755  [TID      13112][INFO    ] SELECT * FROM CFOP ORDER BY ID [dmvcframework]
2021-11-14 20:56:55:757  [TID      13112][INFO    ] GET:/cfop/ -> CfopController.TCfopController - 200 OK [dmvcframework]
2021-11-14 20:57:23:201  [TID       9104][INFO    ] SELECT * FROM CFOP where CODIGO = "6915" [dmvcframework]
2021-11-14 20:57:23:203  [TID       9104][INFO    ] GET:/cfop/ -> CfopController.TCfopController - 200 OK [dmvcframework]
2021-11-14 20:57:28:263  [TID       8348][INFO    ] SELECT * FROM CFOP WHERE ID = 15 [dmvcframework]
2021-11-14 20:57:28:263  [TID       8348][INFO    ] UPDATE CFOP SET CODIGO = 6915,DESCRICAO = 'teste 1',APLICACAO = 'teste' WHERE ID = '15' [dmvcframework]
2021-11-14 20:57:28:404  [TID       8348][INFO    ] SELECT * FROM CFOP WHERE ID = 15 [dmvcframework]
2021-11-14 20:57:28:404  [TID       8348][INFO    ] PUT:/cfop -> CfopController.TCfopController - 200 OK [dmvcframework]
2021-11-14 20:57:32:385  [TID       7092][INFO    ] SELECT * FROM CFOP ORDER BY ID [dmvcframework]
2021-11-14 20:57:32:386  [TID       7092][INFO    ] GET:/cfop/ -> CfopController.TCfopController - 200 OK [dmvcframework]
2021-11-14 20:58:33:555  [TID       5004][INFO    ] SELECT * FROM CFOP WHERE ID = 17 [dmvcframework]
2021-11-14 20:58:33:555  [TID       5004][INFO    ] DELETE FROM CFOP WHERE ID = 17 [dmvcframework]
2021-11-14 20:58:33:738  [TID       5004][INFO    ] DELETE:/cfop/17 -> CfopController.TCfopController - 200 Obejeto excluído com sucesso. [dmvcframework]
2021-11-14 20:58:45:263  [TID       6968][INFO    ] SELECT * FROM CFOP ORDER BY ID [dmvcframework]
2021-11-14 20:58:45:264  [TID       6968][INFO    ] GET:/cfop/ -> CfopController.TCfopController - 200 OK [dmvcframework]
2021-11-14 20:59:12:316  [TID      13852][INFO    ] SELECT * FROM CFOP WHERE ID = 18 [dmvcframework]
2021-11-14 20:59:12:317  [TID      13852][INFO    ] DELETE FROM CFOP WHERE ID = 18 [dmvcframework]
2021-11-14 20:59:12:452  [TID      13852][INFO    ] DELETE:/cfop/18 -> CfopController.TCfopController - 200 Obejeto excluído com sucesso. [dmvcframework]
2021-11-14 20:59:20:702  [TID       1952][INFO    ] SELECT * FROM CFOP WHERE ID = 18 [dmvcframework]
2021-11-14 20:59:20:702  [TID       1952][ERROR   ] [EMVCException] Registro não localizado [Consultar Objeto CFOP] (Custom message: "") [dmvcframework]
2021-11-14 20:59:25:265  [TID      12832][INFO    ] SELECT * FROM CFOP ORDER BY ID [dmvcframework]
2021-11-14 20:59:25:267  [TID      12832][INFO    ] GET:/cfop/ -> CfopController.TCfopController - 200 OK [dmvcframework]
2021-11-14 21:00:12:001  [TID       8164][INFO    ] SELECT * FROM CFOP where CODIGO = "6915" [dmvcframework]
2021-11-14 21:00:12:001  [TID       8164][INFO    ] GET:/cfop/ -> CfopController.TCfopController - 200 OK [dmvcframework]
2021-11-14 21:00:12:044  [TID      16088][INFO    ] SELECT * FROM CFOP WHERE ID = 15 [dmvcframework]
2021-11-14 21:00:12:044  [TID      16088][INFO    ] UPDATE CFOP SET CODIGO = 6915,DESCRICAO = 'teste 6915',APLICACAO = 'teste 2' WHERE ID = '15' [dmvcframework]
2021-11-14 21:00:12:212  [TID      16088][INFO    ] SELECT * FROM CFOP WHERE ID = 15 [dmvcframework]
2021-11-14 21:00:12:213  [TID      16088][INFO    ] PUT:/cfop -> CfopController.TCfopController - 200 OK [dmvcframework]
2021-11-14 21:00:16:308  [TID      15812][INFO    ] SELECT * FROM CFOP ORDER BY ID [dmvcframework]
2021-11-14 21:00:16:309  [TID      15812][INFO    ] GET:/cfop/ -> CfopController.TCfopController - 200 OK [dmvcframework]
